gleb khor           : INFO: Generating variations for gleb khor
gleb khor           : INFO: ----------------------------------------------------------------------------------------------------
gleb khor           : INFO: Effective rules: ['insert_random_letter', 'remove_random_consonant', 'delete_random_letter']
gleb khor           : INFO: ----------------------------------------------------------------------------------------------------
gleb khor           : INFO: Min Required Rule Variation Set: [{'gleb hor', 'gleb kho', 'gle khor', 'gleb kor', 'leb khor', 'geb khor'}, {'gleb bkhor', 'agleb khor', 'gleb kholr', 'gleb khotr', 'glneb khor', 'kgleb khor', 'gleb kahor', 'glebn khor', 'gleb kchor', 'gleb kthor', 'glebh khor', 'glebg khor', 'gleb zkhor', 'glxeb khor', 'grleb khor', 'guleb khor', 'gleb kmhor', 'gleb khocr', 'glleb khor', 'gkleb khor', 'gleb khqor', 'glheb khor', 'gleb khovr', 'glzeb khor', 'gleb khwor', 'gsleb khor', 'gleeb khor', 'gleb khour', 'glebt khor', 'glewb khor', 'glebv khor', 'gleb khoor', 'glebp khor', 'gleb khowr', 'gzleb khor', 'gleb khohr', 'gleb vkhor', 'gleb kuhor', 'gleb khoir', 'lgleb khor', 'gdleb khor', 'egleb khor', 'glkeb khor', 'gleb khbor', 'gleb klhor', 'glaeb khor', 'glegb khor', 'gleb qkhor', 'glehb khor', 'glemb khor', 'vgleb khor', 'gpleb khor', 'gleb khodr', 'gleb rkhor', 'ugleb khor', 'gloeb khor', 'cgleb khor', 'gleb kghor', 'glevb khor', 'glelb khor', 'glebz khor', 'gleb kohor', 'gleb khror', 'gleb khoyr', 'gleb khozr', 'gleib khor', 'gleb khoar', 'glejb khor', 'gleb krhor', 'gleb kdhor', 'glenb khor', 'glyeb khor', 'gyleb khor', 'gleb khnor', 'gqleb khor', 'gleb kzhor', 'gleb lkhor', 'glekb khor', 'gleqb khor', 'glbeb khor', 'gleb khgor', 'gleub khor', 'glmeb khor', 'igleb khor', 'gleb khhor', 'glebs khor', 'glebc khor', 'qgleb khor', 'gleb khopr', 'glefb khor', 'glseb khor', 'galeb khor', 'glebk khor', 'gleb ykhor', 'glgeb khor', 'glebo khor', 'gleb jkhor', 'gcleb khor', 'gleb pkhor', 'gleby khor'}]
gleb khor           : INFO: ----------------------------------------------------------------------------------------------------
gleb khor           : INFO: First name: gleb
gleb khor           : INFO: Last name: khor
gleb khor           : INFO: ----------------------------------------------------------------------------------------------------
gleb khor           : INFO: Rule count pairs: [(0, 1), (0, 2), (0, 3), (0, 4), (0, 5), (0, 6), (0, 7), (0, 8)]
gleb khor           : INFO: ------------------------------Trying rule_count_pair 1 / 8: rule_count/nonrule_count: 0/1------------------------------
gleb khor           : DEBUG: O: [1, 0, 0, 0]
gleb khor           : DEBUG: P: [0, 0, 0, 1]
gleb khor           : WARNING: Remains: 0
gleb khor           : DEBUG: p_level: 3, O: [1, 0, 0, 0]
gleb khor           : DEBUG: [38]
gleb khor           : DEBUG: [500]
gleb khor           : DEBUG: [500]
gleb khor           : DEBUG: [500]
gleb khor           : DEBUG: [1]
gleb khor           : DEBUG: [0]
gleb khor           : DEBUG: [0]
gleb khor           : DEBUG: [0]
gleb khor           : DEBUG: final:
gleb khor           : DEBUG: name: gleb, l_level: 0
gleb khor           : DEBUG: --------------------------------------------------
gleb khor           : DEBUG: [0, 0, 0, 0, 0, 0, 0, 1]
gleb khor           : DEBUG: [0, 0, 0, 0, 0, 0, 0, 0]
gleb khor           : DEBUG: [0, 0, 0, 0, 0, 0, 0, 0]
gleb khor           : DEBUG: [0, 0, 0, 0, 0, 0, 0, 0]
gleb khor           : DEBUG: name: gleb, l_level: 1
gleb khor           : DEBUG: --------------------------------------------------
gleb khor           : DEBUG: [0, 0, 0, 0, 0, 0, 0, 0]
gleb khor           : DEBUG: [0, 0, 0, 0, 0, 0, 0, 0]
gleb khor           : DEBUG: [0, 0, 0, 0, 0, 0, 0, 0]
gleb khor           : DEBUG: [0, 0, 0, 0, 0, 0, 0, 0]
gleb khor           : DEBUG: name: gleb, l_level: 2
gleb khor           : DEBUG: --------------------------------------------------
gleb khor           : DEBUG: [0, 0, 0, 0, 0, 0, 0, 0]
gleb khor           : DEBUG: [0, 0, 0, 0, 0, 0, 0, 0]
gleb khor           : DEBUG: [0, 0, 0, 0, 0, 0, 0, 0]
gleb khor           : DEBUG: [0, 0, 0, 0, 0, 0, 0, 0]
gleb khor           : DEBUG: O: [1, 0, 0, 0]
gleb khor           : DEBUG: P: [0, 0, 0, 1]
gleb khor           : WARNING: Remains: 0
gleb khor           : DEBUG: p_level: 3, O: [1, 0, 0, 0]
gleb khor           : DEBUG: [21]
gleb khor           : DEBUG: [500]
gleb khor           : DEBUG: [500]
gleb khor           : DEBUG: [500]
gleb khor           : DEBUG: [1]
gleb khor           : DEBUG: [0]
gleb khor           : DEBUG: [0]
gleb khor           : DEBUG: [0]
gleb khor           : DEBUG: final:
gleb khor           : DEBUG: name: khor, l_level: 0
gleb khor           : DEBUG: --------------------------------------------------
gleb khor           : DEBUG: [0, 0, 0, 0, 0, 0, 0, 1]
gleb khor           : DEBUG: [0, 0, 0, 0, 0, 0, 0, 0]
gleb khor           : DEBUG: [0, 0, 0, 0, 0, 0, 0, 0]
gleb khor           : DEBUG: [0, 0, 0, 0, 0, 0, 0, 0]
gleb khor           : DEBUG: name: khor, l_level: 1
gleb khor           : DEBUG: --------------------------------------------------
gleb khor           : DEBUG: [0, 0, 0, 0, 0, 0, 0, 0]
gleb khor           : DEBUG: [0, 0, 0, 0, 0, 0, 0, 0]
gleb khor           : DEBUG: [0, 0, 0, 0, 0, 0, 0, 0]
gleb khor           : DEBUG: [0, 0, 0, 0, 0, 0, 0, 0]
gleb khor           : DEBUG: name: khor, l_level: 2
gleb khor           : DEBUG: --------------------------------------------------
gleb khor           : DEBUG: [0, 0, 0, 0, 0, 0, 0, 0]
gleb khor           : DEBUG: [0, 0, 0, 0, 0, 0, 0, 0]
gleb khor           : DEBUG: [0, 0, 0, 0, 0, 0, 0, 0]
gleb khor           : DEBUG: [0, 0, 0, 0, 0, 0, 0, 0]
gleb khor           : DEBUG: scores: [0.50767822]
gleb khor           : INFO: ------------------------------Trying rule_count_pair 2 / 8: rule_count/nonrule_count: 0/2------------------------------
gleb khor           : DEBUG: O: [2, 0, 0, 0]
gleb khor           : DEBUG: P: [1, 1, 0, 0]
gleb khor           : WARNING: Remains: 0
gleb khor           : DEBUG: p_level: 1, O: [1, 0, 0, 0]
gleb khor           : DEBUG: [6, 0, 0]
gleb khor           : DEBUG: [20, 0, 0]
gleb khor           : DEBUG: [20, 0, 0]
gleb khor           : DEBUG: [20, 0, 0]
gleb khor           : DEBUG: [1, 0, 0]
gleb khor           : DEBUG: [0, 0, 0]
gleb khor           : DEBUG: [0, 0, 0]
gleb khor           : DEBUG: [0, 0, 0]
gleb khor           : DEBUG: p_level: 0, O: [1, 0, 0, 0]
gleb khor           : DEBUG: [8]
gleb khor           : DEBUG: [20]
gleb khor           : DEBUG: [20]
gleb khor           : DEBUG: [7]
gleb khor           : DEBUG: [1]
gleb khor           : DEBUG: [0]
gleb khor           : DEBUG: [0]
gleb khor           : DEBUG: [0]
gleb khor           : DEBUG: final:
gleb khor           : DEBUG: name: gleb, l_level: 0
gleb khor           : DEBUG: --------------------------------------------------
gleb khor           : DEBUG: [1, 1, 0, 0, 0, 0, 0, 0]
gleb khor           : DEBUG: [0, 0, 0, 0, 0, 0, 0, 0]
gleb khor           : DEBUG: [0, 0, 0, 0, 0, 0, 0, 0]
gleb khor           : DEBUG: [0, 0, 0, 0, 0, 0, 0, 0]
gleb khor           : DEBUG: name: gleb, l_level: 1
gleb khor           : DEBUG: --------------------------------------------------
gleb khor           : DEBUG: [0, 0, 0, 0, 0, 0, 0, 0]
gleb khor           : DEBUG: [0, 0, 0, 0, 0, 0, 0, 0]
gleb khor           : DEBUG: [0, 0, 0, 0, 0, 0, 0, 0]
gleb khor           : DEBUG: [0, 0, 0, 0, 0, 0, 0, 0]
gleb khor           : DEBUG: name: gleb, l_level: 2
gleb khor           : DEBUG: --------------------------------------------------
gleb khor           : DEBUG: [0, 0, 0, 0, 0, 0, 0, 0]
gleb khor           : DEBUG: [0, 0, 0, 0, 0, 0, 0, 0]
gleb khor           : DEBUG: [0, 0, 0, 0, 0, 0, 0, 0]
gleb khor           : DEBUG: [0, 0, 0, 0, 0, 0, 0, 0]
gleb khor           : DEBUG: O: [2, 0, 0, 0]
gleb khor           : DEBUG: P: [1, 1, 0, 0]
gleb khor           : WARNING: Remains: 0
gleb khor           : DEBUG: p_level: 1, O: [1, 0, 0, 0]
gleb khor           : DEBUG: [7, 7, 0]
gleb khor           : DEBUG: [20, 45, 0]
gleb khor           : DEBUG: [20, 24, 0]
gleb khor           : DEBUG: [20, 20, 0]
gleb khor           : DEBUG: [1, 0, 0]
gleb khor           : DEBUG: [0, 0, 0]
gleb khor           : DEBUG: [0, 0, 0]
gleb khor           : DEBUG: [0, 0, 0]
gleb khor           : DEBUG: p_level: 0, O: [1, 0, 0, 0]
gleb khor           : DEBUG: [8]
gleb khor           : DEBUG: [20]
gleb khor           : DEBUG: [20]
gleb khor           : DEBUG: [7]
gleb khor           : DEBUG: [1]
gleb khor           : DEBUG: [0]
gleb khor           : DEBUG: [0]
gleb khor           : DEBUG: [0]
gleb khor           : DEBUG: final:
gleb khor           : DEBUG: name: khor, l_level: 0
gleb khor           : DEBUG: --------------------------------------------------
gleb khor           : DEBUG: [1, 1, 0, 0, 0, 0, 0, 0]
gleb khor           : DEBUG: [0, 0, 0, 0, 0, 0, 0, 0]
gleb khor           : DEBUG: [0, 0, 0, 0, 0, 0, 0, 0]
gleb khor           : DEBUG: [0, 0, 0, 0, 0, 0, 0, 0]
gleb khor           : DEBUG: name: khor, l_level: 1
gleb khor           : DEBUG: --------------------------------------------------
gleb khor           : DEBUG: [0, 0, 0, 0, 0, 0, 0, 0]
gleb khor           : DEBUG: [0, 0, 0, 0, 0, 0, 0, 0]
gleb khor           : DEBUG: [0, 0, 0, 0, 0, 0, 0, 0]
gleb khor           : DEBUG: [0, 0, 0, 0, 0, 0, 0, 0]
gleb khor           : DEBUG: name: khor, l_level: 2
gleb khor           : DEBUG: --------------------------------------------------
gleb khor           : DEBUG: [0, 0, 0, 0, 0, 0, 0, 0]
gleb khor           : DEBUG: [0, 0, 0, 0, 0, 0, 0, 0]
gleb khor           : DEBUG: [0, 0, 0, 0, 0, 0, 0, 0]
gleb khor           : DEBUG: [0, 0, 0, 0, 0, 0, 0, 0]
gleb khor           : DEBUG: scores: [0.52494782]
gleb khor           : INFO: ------------------------------Trying rule_count_pair 3 / 8: rule_count/nonrule_count: 0/3------------------------------
gleb khor           : DEBUG: O: [3, 0, 0, 0]
gleb khor           : DEBUG: P: [1, 1, 0, 1]
gleb khor           : WARNING: Remains: 0
gleb khor           : DEBUG: p_level: 1, O: [1, 0, 0, 0]
gleb khor           : DEBUG: [6, 0, 0]
gleb khor           : DEBUG: [20, 0, 0]
gleb khor           : DEBUG: [20, 0, 0]
gleb khor           : DEBUG: [20, 0, 0]
gleb khor           : DEBUG: [1, 0, 0]
gleb khor           : DEBUG: [0, 0, 0]
gleb khor           : DEBUG: [0, 0, 0]
gleb khor           : DEBUG: [0, 0, 0]
gleb khor           : DEBUG: p_level: 0, O: [1, 0, 0, 0]
gleb khor           : DEBUG: [8]
gleb khor           : DEBUG: [20]
gleb khor           : DEBUG: [20]
gleb khor           : DEBUG: [7]
gleb khor           : DEBUG: [1]
gleb khor           : DEBUG: [0]
gleb khor           : DEBUG: [0]
gleb khor           : DEBUG: [0]
gleb khor           : DEBUG: p_level: 3, O: [1, 0, 0, 0]
gleb khor           : DEBUG: [38]
gleb khor           : DEBUG: [500]
gleb khor           : DEBUG: [500]
gleb khor           : DEBUG: [500]
gleb khor           : DEBUG: [1]
gleb khor           : DEBUG: [0]
gleb khor           : DEBUG: [0]
gleb khor           : DEBUG: [0]
gleb khor           : DEBUG: final:
gleb khor           : DEBUG: name: gleb, l_level: 0
gleb khor           : DEBUG: --------------------------------------------------
gleb khor           : DEBUG: [1, 1, 0, 0, 0, 0, 0, 1]
gleb khor           : DEBUG: [0, 0, 0, 0, 0, 0, 0, 0]
gleb khor           : DEBUG: [0, 0, 0, 0, 0, 0, 0, 0]
gleb khor           : DEBUG: [0, 0, 0, 0, 0, 0, 0, 0]
gleb khor           : DEBUG: name: gleb, l_level: 1
gleb khor           : DEBUG: --------------------------------------------------
gleb khor           : DEBUG: [0, 0, 0, 0, 0, 0, 0, 0]
gleb khor           : DEBUG: [0, 0, 0, 0, 0, 0, 0, 0]
gleb khor           : DEBUG: [0, 0, 0, 0, 0, 0, 0, 0]
gleb khor           : DEBUG: [0, 0, 0, 0, 0, 0, 0, 0]
gleb khor           : DEBUG: name: gleb, l_level: 2
gleb khor           : DEBUG: --------------------------------------------------
gleb khor           : DEBUG: [0, 0, 0, 0, 0, 0, 0, 0]
gleb khor           : DEBUG: [0, 0, 0, 0, 0, 0, 0, 0]
gleb khor           : DEBUG: [0, 0, 0, 0, 0, 0, 0, 0]
gleb khor           : DEBUG: [0, 0, 0, 0, 0, 0, 0, 0]
gleb khor           : DEBUG: O: [3, 0, 0, 0]
gleb khor           : DEBUG: P: [1, 1, 0, 1]
gleb khor           : WARNING: Remains: 0
gleb khor           : DEBUG: p_level: 1, O: [1, 0, 0, 0]
gleb khor           : DEBUG: [7, 7, 0]
gleb khor           : DEBUG: [20, 45, 0]
gleb khor           : DEBUG: [20, 24, 0]
gleb khor           : DEBUG: [20, 20, 0]
gleb khor           : DEBUG: [1, 0, 0]
gleb khor           : DEBUG: [0, 0, 0]
gleb khor           : DEBUG: [0, 0, 0]
gleb khor           : DEBUG: [0, 0, 0]
gleb khor           : DEBUG: p_level: 0, O: [1, 0, 0, 0]
gleb khor           : DEBUG: [8]
gleb khor           : DEBUG: [20]
gleb khor           : DEBUG: [20]
gleb khor           : DEBUG: [7]
gleb khor           : DEBUG: [1]
gleb khor           : DEBUG: [0]
gleb khor           : DEBUG: [0]
gleb khor           : DEBUG: [0]
gleb khor           : DEBUG: p_level: 3, O: [1, 0, 0, 0]
gleb khor           : DEBUG: [21]
gleb khor           : DEBUG: [500]
gleb khor           : DEBUG: [500]
gleb khor           : DEBUG: [500]
gleb khor           : DEBUG: [1]
gleb khor           : DEBUG: [0]
gleb khor           : DEBUG: [0]
gleb khor           : DEBUG: [0]
gleb khor           : DEBUG: final:
gleb khor           : DEBUG: name: khor, l_level: 0
gleb khor           : DEBUG: --------------------------------------------------
gleb khor           : DEBUG: [1, 1, 0, 0, 0, 0, 0, 1]
gleb khor           : DEBUG: [0, 0, 0, 0, 0, 0, 0, 0]
gleb khor           : DEBUG: [0, 0, 0, 0, 0, 0, 0, 0]
gleb khor           : DEBUG: [0, 0, 0, 0, 0, 0, 0, 0]
gleb khor           : DEBUG: name: khor, l_level: 1
gleb khor           : DEBUG: --------------------------------------------------
gleb khor           : DEBUG: [0, 0, 0, 0, 0, 0, 0, 0]
gleb khor           : DEBUG: [0, 0, 0, 0, 0, 0, 0, 0]
gleb khor           : DEBUG: [0, 0, 0, 0, 0, 0, 0, 0]
gleb khor           : DEBUG: [0, 0, 0, 0, 0, 0, 0, 0]
gleb khor           : DEBUG: name: khor, l_level: 2
gleb khor           : DEBUG: --------------------------------------------------
gleb khor           : DEBUG: [0, 0, 0, 0, 0, 0, 0, 0]
gleb khor           : DEBUG: [0, 0, 0, 0, 0, 0, 0, 0]
gleb khor           : DEBUG: [0, 0, 0, 0, 0, 0, 0, 0]
gleb khor           : DEBUG: [0, 0, 0, 0, 0, 0, 0, 0]
gleb khor           : DEBUG: scores: [0.54662414]
gleb khor           : INFO: ------------------------------Trying rule_count_pair 4 / 8: rule_count/nonrule_count: 0/4------------------------------
gleb khor           : DEBUG: O: [4, 0, 0, 0]
gleb khor           : DEBUG: P: [2, 2, 0, 0]
gleb khor           : WARNING: Remains: 0
gleb khor           : DEBUG: p_level: 1, O: [2, 0, 0, 0]
gleb khor           : DEBUG: [6, 0, 0]
gleb khor           : DEBUG: [20, 0, 0]
gleb khor           : DEBUG: [20, 0, 0]
gleb khor           : DEBUG: [20, 0, 0]
gleb khor           : DEBUG: [2, 0, 0]
gleb khor           : DEBUG: [0, 0, 0]
gleb khor           : DEBUG: [0, 0, 0]
gleb khor           : DEBUG: [0, 0, 0]
gleb khor           : DEBUG: p_level: 0, O: [2, 0, 0, 0]
gleb khor           : DEBUG: [8]
gleb khor           : DEBUG: [20]
gleb khor           : DEBUG: [20]
gleb khor           : DEBUG: [7]
gleb khor           : DEBUG: [2]
gleb khor           : DEBUG: [0]
gleb khor           : DEBUG: [0]
gleb khor           : DEBUG: [0]
gleb khor           : DEBUG: final:
gleb khor           : DEBUG: name: gleb, l_level: 0
gleb khor           : DEBUG: --------------------------------------------------
gleb khor           : DEBUG: [2, 2, 0, 0, 0, 0, 0, 0]
gleb khor           : DEBUG: [0, 0, 0, 0, 0, 0, 0, 0]
gleb khor           : DEBUG: [0, 0, 0, 0, 0, 0, 0, 0]
gleb khor           : DEBUG: [0, 0, 0, 0, 0, 0, 0, 0]
gleb khor           : DEBUG: name: gleb, l_level: 1
gleb khor           : DEBUG: --------------------------------------------------
gleb khor           : DEBUG: [0, 0, 0, 0, 0, 0, 0, 0]
gleb khor           : DEBUG: [0, 0, 0, 0, 0, 0, 0, 0]
gleb khor           : DEBUG: [0, 0, 0, 0, 0, 0, 0, 0]
gleb khor           : DEBUG: [0, 0, 0, 0, 0, 0, 0, 0]
gleb khor           : DEBUG: name: gleb, l_level: 2
gleb khor           : DEBUG: --------------------------------------------------
gleb khor           : DEBUG: [0, 0, 0, 0, 0, 0, 0, 0]
gleb khor           : DEBUG: [0, 0, 0, 0, 0, 0, 0, 0]
gleb khor           : DEBUG: [0, 0, 0, 0, 0, 0, 0, 0]
gleb khor           : DEBUG: [0, 0, 0, 0, 0, 0, 0, 0]
gleb khor           : DEBUG: O: [4, 0, 0, 0]
gleb khor           : DEBUG: P: [2, 2, 0, 0]
gleb khor           : WARNING: Remains: 0
gleb khor           : DEBUG: p_level: 1, O: [2, 0, 0, 0]
gleb khor           : DEBUG: [7, 7, 0]
gleb khor           : DEBUG: [20, 45, 0]
gleb khor           : DEBUG: [20, 24, 0]
gleb khor           : DEBUG: [20, 20, 0]
gleb khor           : DEBUG: [2, 0, 0]
gleb khor           : DEBUG: [0, 0, 0]
gleb khor           : DEBUG: [0, 0, 0]
gleb khor           : DEBUG: [0, 0, 0]
gleb khor           : DEBUG: p_level: 0, O: [2, 0, 0, 0]
gleb khor           : DEBUG: [8]
gleb khor           : DEBUG: [20]
gleb khor           : DEBUG: [20]
gleb khor           : DEBUG: [7]
gleb khor           : DEBUG: [2]
gleb khor           : DEBUG: [0]
gleb khor           : DEBUG: [0]
gleb khor           : DEBUG: [0]
gleb khor           : DEBUG: final:
gleb khor           : DEBUG: name: khor, l_level: 0
gleb khor           : DEBUG: --------------------------------------------------
gleb khor           : DEBUG: [2, 2, 0, 0, 0, 0, 0, 0]
gleb khor           : DEBUG: [0, 0, 0, 0, 0, 0, 0, 0]
gleb khor           : DEBUG: [0, 0, 0, 0, 0, 0, 0, 0]
gleb khor           : DEBUG: [0, 0, 0, 0, 0, 0, 0, 0]
gleb khor           : DEBUG: name: khor, l_level: 1
gleb khor           : DEBUG: --------------------------------------------------
gleb khor           : DEBUG: [0, 0, 0, 0, 0, 0, 0, 0]
gleb khor           : DEBUG: [0, 0, 0, 0, 0, 0, 0, 0]
gleb khor           : DEBUG: [0, 0, 0, 0, 0, 0, 0, 0]
gleb khor           : DEBUG: [0, 0, 0, 0, 0, 0, 0, 0]
gleb khor           : DEBUG: name: khor, l_level: 2
gleb khor           : DEBUG: --------------------------------------------------
gleb khor           : DEBUG: [0, 0, 0, 0, 0, 0, 0, 0]
gleb khor           : DEBUG: [0, 0, 0, 0, 0, 0, 0, 0]
gleb khor           : DEBUG: [0, 0, 0, 0, 0, 0, 0, 0]
gleb khor           : DEBUG: [0, 0, 0, 0, 0, 0, 0, 0]
gleb khor           : DEBUG: scores: [0.56]
gleb khor           : INFO: ------------------------------Trying rule_count_pair 5 / 8: rule_count/nonrule_count: 0/5------------------------------
gleb khor           : DEBUG: O: [5, 0, 0, 0]
gleb khor           : DEBUG: P: [2, 2, 0, 1]
gleb khor           : WARNING: Remains: 0
gleb khor           : DEBUG: p_level: 1, O: [2, 0, 0, 0]
gleb khor           : DEBUG: [6, 0, 0]
gleb khor           : DEBUG: [20, 0, 0]
gleb khor           : DEBUG: [20, 0, 0]
gleb khor           : DEBUG: [20, 0, 0]
gleb khor           : DEBUG: [2, 0, 0]
gleb khor           : DEBUG: [0, 0, 0]
gleb khor           : DEBUG: [0, 0, 0]
gleb khor           : DEBUG: [0, 0, 0]
gleb khor           : DEBUG: p_level: 0, O: [2, 0, 0, 0]
gleb khor           : DEBUG: [8]
gleb khor           : DEBUG: [20]
gleb khor           : DEBUG: [20]
gleb khor           : DEBUG: [7]
gleb khor           : DEBUG: [2]
gleb khor           : DEBUG: [0]
gleb khor           : DEBUG: [0]
gleb khor           : DEBUG: [0]
gleb khor           : DEBUG: p_level: 3, O: [1, 0, 0, 0]
gleb khor           : DEBUG: [38]
gleb khor           : DEBUG: [500]
gleb khor           : DEBUG: [500]
gleb khor           : DEBUG: [500]
gleb khor           : DEBUG: [1]
gleb khor           : DEBUG: [0]
gleb khor           : DEBUG: [0]
gleb khor           : DEBUG: [0]
gleb khor           : DEBUG: final:
gleb khor           : DEBUG: name: gleb, l_level: 0
gleb khor           : DEBUG: --------------------------------------------------
gleb khor           : DEBUG: [2, 2, 0, 0, 0, 0, 0, 1]
gleb khor           : DEBUG: [0, 0, 0, 0, 0, 0, 0, 0]
gleb khor           : DEBUG: [0, 0, 0, 0, 0, 0, 0, 0]
gleb khor           : DEBUG: [0, 0, 0, 0, 0, 0, 0, 0]
gleb khor           : DEBUG: name: gleb, l_level: 1
gleb khor           : DEBUG: --------------------------------------------------
gleb khor           : DEBUG: [0, 0, 0, 0, 0, 0, 0, 0]
gleb khor           : DEBUG: [0, 0, 0, 0, 0, 0, 0, 0]
gleb khor           : DEBUG: [0, 0, 0, 0, 0, 0, 0, 0]
gleb khor           : DEBUG: [0, 0, 0, 0, 0, 0, 0, 0]
gleb khor           : DEBUG: name: gleb, l_level: 2
gleb khor           : DEBUG: --------------------------------------------------
gleb khor           : DEBUG: [0, 0, 0, 0, 0, 0, 0, 0]
gleb khor           : DEBUG: [0, 0, 0, 0, 0, 0, 0, 0]
gleb khor           : DEBUG: [0, 0, 0, 0, 0, 0, 0, 0]
gleb khor           : DEBUG: [0, 0, 0, 0, 0, 0, 0, 0]
gleb khor           : DEBUG: O: [5, 0, 0, 0]
gleb khor           : DEBUG: P: [2, 2, 0, 1]
gleb khor           : WARNING: Remains: 0
gleb khor           : DEBUG: p_level: 1, O: [2, 0, 0, 0]
gleb khor           : DEBUG: [7, 7, 0]
gleb khor           : DEBUG: [20, 45, 0]
gleb khor           : DEBUG: [20, 24, 0]
gleb khor           : DEBUG: [20, 20, 0]
gleb khor           : DEBUG: [2, 0, 0]
gleb khor           : DEBUG: [0, 0, 0]
gleb khor           : DEBUG: [0, 0, 0]
gleb khor           : DEBUG: [0, 0, 0]
gleb khor           : DEBUG: p_level: 0, O: [2, 0, 0, 0]
gleb khor           : DEBUG: [8]
gleb khor           : DEBUG: [20]
gleb khor           : DEBUG: [20]
gleb khor           : DEBUG: [7]
gleb khor           : DEBUG: [2]
gleb khor           : DEBUG: [0]
gleb khor           : DEBUG: [0]
gleb khor           : DEBUG: [0]
gleb khor           : DEBUG: p_level: 3, O: [1, 0, 0, 0]
gleb khor           : DEBUG: [21]
gleb khor           : DEBUG: [500]
gleb khor           : DEBUG: [500]
gleb khor           : DEBUG: [500]
gleb khor           : DEBUG: [1]
gleb khor           : DEBUG: [0]
gleb khor           : DEBUG: [0]
gleb khor           : DEBUG: [0]
gleb khor           : DEBUG: final:
gleb khor           : DEBUG: name: khor, l_level: 0
gleb khor           : DEBUG: --------------------------------------------------
gleb khor           : DEBUG: [2, 2, 0, 0, 0, 0, 0, 1]
gleb khor           : DEBUG: [0, 0, 0, 0, 0, 0, 0, 0]
gleb khor           : DEBUG: [0, 0, 0, 0, 0, 0, 0, 0]
gleb khor           : DEBUG: [0, 0, 0, 0, 0, 0, 0, 0]
gleb khor           : DEBUG: name: khor, l_level: 1
gleb khor           : DEBUG: --------------------------------------------------
gleb khor           : DEBUG: [0, 0, 0, 0, 0, 0, 0, 0]
gleb khor           : DEBUG: [0, 0, 0, 0, 0, 0, 0, 0]
gleb khor           : DEBUG: [0, 0, 0, 0, 0, 0, 0, 0]
gleb khor           : DEBUG: [0, 0, 0, 0, 0, 0, 0, 0]
gleb khor           : DEBUG: name: khor, l_level: 2
gleb khor           : DEBUG: --------------------------------------------------
gleb khor           : DEBUG: [0, 0, 0, 0, 0, 0, 0, 0]
gleb khor           : DEBUG: [0, 0, 0, 0, 0, 0, 0, 0]
gleb khor           : DEBUG: [0, 0, 0, 0, 0, 0, 0, 0]
gleb khor           : DEBUG: [0, 0, 0, 0, 0, 0, 0, 0]
gleb khor           : DEBUG: scores: [0.56]
gleb khor           : INFO: ------------------------------Trying rule_count_pair 6 / 8: rule_count/nonrule_count: 0/6------------------------------
gleb khor           : DEBUG: O: [6, 0, 0, 0]
gleb khor           : DEBUG: P: [3, 3, 0, 0]
gleb khor           : WARNING: Remains: 0
gleb khor           : DEBUG: p_level: 1, O: [3, 0, 0, 0]
gleb khor           : DEBUG: [6, 0, 0]
gleb khor           : DEBUG: [20, 0, 0]
gleb khor           : DEBUG: [20, 0, 0]
gleb khor           : DEBUG: [20, 0, 0]
gleb khor           : DEBUG: [3, 0, 0]
gleb khor           : DEBUG: [0, 0, 0]
gleb khor           : DEBUG: [0, 0, 0]
gleb khor           : DEBUG: [0, 0, 0]
gleb khor           : DEBUG: p_level: 0, O: [3, 0, 0, 0]
gleb khor           : DEBUG: [8]
gleb khor           : DEBUG: [20]
gleb khor           : DEBUG: [20]
gleb khor           : DEBUG: [7]
gleb khor           : DEBUG: [3]
gleb khor           : DEBUG: [0]
gleb khor           : DEBUG: [0]
gleb khor           : DEBUG: [0]
gleb khor           : DEBUG: final:
gleb khor           : DEBUG: name: gleb, l_level: 0
gleb khor           : DEBUG: --------------------------------------------------
gleb khor           : DEBUG: [3, 3, 0, 0, 0, 0, 0, 0]
gleb khor           : DEBUG: [0, 0, 0, 0, 0, 0, 0, 0]
gleb khor           : DEBUG: [0, 0, 0, 0, 0, 0, 0, 0]
gleb khor           : DEBUG: [0, 0, 0, 0, 0, 0, 0, 0]
gleb khor           : DEBUG: name: gleb, l_level: 1
gleb khor           : DEBUG: --------------------------------------------------
gleb khor           : DEBUG: [0, 0, 0, 0, 0, 0, 0, 0]
gleb khor           : DEBUG: [0, 0, 0, 0, 0, 0, 0, 0]
gleb khor           : DEBUG: [0, 0, 0, 0, 0, 0, 0, 0]
gleb khor           : DEBUG: [0, 0, 0, 0, 0, 0, 0, 0]
gleb khor           : DEBUG: name: gleb, l_level: 2
gleb khor           : DEBUG: --------------------------------------------------
gleb khor           : DEBUG: [0, 0, 0, 0, 0, 0, 0, 0]
gleb khor           : DEBUG: [0, 0, 0, 0, 0, 0, 0, 0]
gleb khor           : DEBUG: [0, 0, 0, 0, 0, 0, 0, 0]
gleb khor           : DEBUG: [0, 0, 0, 0, 0, 0, 0, 0]
gleb khor           : DEBUG: O: [6, 0, 0, 0]
gleb khor           : DEBUG: P: [3, 3, 0, 0]
gleb khor           : WARNING: Remains: 0
gleb khor           : DEBUG: p_level: 1, O: [3, 0, 0, 0]
gleb khor           : DEBUG: [7, 7, 0]
gleb khor           : DEBUG: [20, 45, 0]
gleb khor           : DEBUG: [20, 24, 0]
gleb khor           : DEBUG: [20, 20, 0]
gleb khor           : DEBUG: [3, 0, 0]
gleb khor           : DEBUG: [0, 0, 0]
gleb khor           : DEBUG: [0, 0, 0]
gleb khor           : DEBUG: [0, 0, 0]
gleb khor           : DEBUG: p_level: 0, O: [3, 0, 0, 0]
gleb khor           : DEBUG: [8]
gleb khor           : DEBUG: [20]
gleb khor           : DEBUG: [20]
gleb khor           : DEBUG: [7]
gleb khor           : DEBUG: [3]
gleb khor           : DEBUG: [0]
gleb khor           : DEBUG: [0]
gleb khor           : DEBUG: [0]
gleb khor           : DEBUG: final:
gleb khor           : DEBUG: name: khor, l_level: 0
gleb khor           : DEBUG: --------------------------------------------------
gleb khor           : DEBUG: [3, 3, 0, 0, 0, 0, 0, 0]
gleb khor           : DEBUG: [0, 0, 0, 0, 0, 0, 0, 0]
gleb khor           : DEBUG: [0, 0, 0, 0, 0, 0, 0, 0]
gleb khor           : DEBUG: [0, 0, 0, 0, 0, 0, 0, 0]
gleb khor           : DEBUG: name: khor, l_level: 1
gleb khor           : DEBUG: --------------------------------------------------
gleb khor           : DEBUG: [0, 0, 0, 0, 0, 0, 0, 0]
gleb khor           : DEBUG: [0, 0, 0, 0, 0, 0, 0, 0]
gleb khor           : DEBUG: [0, 0, 0, 0, 0, 0, 0, 0]
gleb khor           : DEBUG: [0, 0, 0, 0, 0, 0, 0, 0]
gleb khor           : DEBUG: name: khor, l_level: 2
gleb khor           : DEBUG: --------------------------------------------------
gleb khor           : DEBUG: [0, 0, 0, 0, 0, 0, 0, 0]
gleb khor           : DEBUG: [0, 0, 0, 0, 0, 0, 0, 0]
gleb khor           : DEBUG: [0, 0, 0, 0, 0, 0, 0, 0]
gleb khor           : DEBUG: [0, 0, 0, 0, 0, 0, 0, 0]
gleb khor           : DEBUG: scores: [0.54188609]
gleb khor           : INFO: ------------------------------Trying rule_count_pair 7 / 8: rule_count/nonrule_count: 0/7------------------------------
gleb khor           : DEBUG: O: [7, 0, 0, 0]
gleb khor           : DEBUG: P: [3, 3, 0, 1]
gleb khor           : WARNING: Remains: 0
gleb khor           : DEBUG: p_level: 1, O: [3, 0, 0, 0]
gleb khor           : DEBUG: [6, 0, 0]
gleb khor           : DEBUG: [20, 0, 0]
gleb khor           : DEBUG: [20, 0, 0]
gleb khor           : DEBUG: [20, 0, 0]
gleb khor           : DEBUG: [3, 0, 0]
gleb khor           : DEBUG: [0, 0, 0]
gleb khor           : DEBUG: [0, 0, 0]
gleb khor           : DEBUG: [0, 0, 0]
gleb khor           : DEBUG: p_level: 0, O: [3, 0, 0, 0]
gleb khor           : DEBUG: [8]
gleb khor           : DEBUG: [20]
gleb khor           : DEBUG: [20]
gleb khor           : DEBUG: [7]
gleb khor           : DEBUG: [3]
gleb khor           : DEBUG: [0]
gleb khor           : DEBUG: [0]
gleb khor           : DEBUG: [0]
gleb khor           : DEBUG: p_level: 3, O: [1, 0, 0, 0]
gleb khor           : DEBUG: [38]
gleb khor           : DEBUG: [500]
gleb khor           : DEBUG: [500]
gleb khor           : DEBUG: [500]
gleb khor           : DEBUG: [1]
gleb khor           : DEBUG: [0]
gleb khor           : DEBUG: [0]
gleb khor           : DEBUG: [0]
gleb khor           : DEBUG: final:
gleb khor           : DEBUG: name: gleb, l_level: 0
gleb khor           : DEBUG: --------------------------------------------------
gleb khor           : DEBUG: [3, 3, 0, 0, 0, 0, 0, 1]
gleb khor           : DEBUG: [0, 0, 0, 0, 0, 0, 0, 0]
gleb khor           : DEBUG: [0, 0, 0, 0, 0, 0, 0, 0]
gleb khor           : DEBUG: [0, 0, 0, 0, 0, 0, 0, 0]
gleb khor           : DEBUG: name: gleb, l_level: 1
gleb khor           : DEBUG: --------------------------------------------------
gleb khor           : DEBUG: [0, 0, 0, 0, 0, 0, 0, 0]
gleb khor           : DEBUG: [0, 0, 0, 0, 0, 0, 0, 0]
gleb khor           : DEBUG: [0, 0, 0, 0, 0, 0, 0, 0]
gleb khor           : DEBUG: [0, 0, 0, 0, 0, 0, 0, 0]
gleb khor           : DEBUG: name: gleb, l_level: 2
gleb khor           : DEBUG: --------------------------------------------------
gleb khor           : DEBUG: [0, 0, 0, 0, 0, 0, 0, 0]
gleb khor           : DEBUG: [0, 0, 0, 0, 0, 0, 0, 0]
gleb khor           : DEBUG: [0, 0, 0, 0, 0, 0, 0, 0]
gleb khor           : DEBUG: [0, 0, 0, 0, 0, 0, 0, 0]
gleb khor           : DEBUG: O: [7, 0, 0, 0]
gleb khor           : DEBUG: P: [3, 3, 0, 1]
gleb khor           : WARNING: Remains: 0
gleb khor           : DEBUG: p_level: 1, O: [3, 0, 0, 0]
gleb khor           : DEBUG: [7, 7, 0]
gleb khor           : DEBUG: [20, 45, 0]
gleb khor           : DEBUG: [20, 24, 0]
gleb khor           : DEBUG: [20, 20, 0]
gleb khor           : DEBUG: [3, 0, 0]
gleb khor           : DEBUG: [0, 0, 0]
gleb khor           : DEBUG: [0, 0, 0]
gleb khor           : DEBUG: [0, 0, 0]
gleb khor           : DEBUG: p_level: 0, O: [3, 0, 0, 0]
gleb khor           : DEBUG: [8]
gleb khor           : DEBUG: [20]
gleb khor           : DEBUG: [20]
gleb khor           : DEBUG: [7]
gleb khor           : DEBUG: [3]
gleb khor           : DEBUG: [0]
gleb khor           : DEBUG: [0]
gleb khor           : DEBUG: [0]
gleb khor           : DEBUG: p_level: 3, O: [1, 0, 0, 0]
gleb khor           : DEBUG: [21]
gleb khor           : DEBUG: [500]
gleb khor           : DEBUG: [500]
gleb khor           : DEBUG: [500]
gleb khor           : DEBUG: [1]
gleb khor           : DEBUG: [0]
gleb khor           : DEBUG: [0]
gleb khor           : DEBUG: [0]
gleb khor           : DEBUG: final:
gleb khor           : DEBUG: name: khor, l_level: 0
gleb khor           : DEBUG: --------------------------------------------------
gleb khor           : DEBUG: [3, 3, 0, 0, 0, 0, 0, 1]
gleb khor           : DEBUG: [0, 0, 0, 0, 0, 0, 0, 0]
gleb khor           : DEBUG: [0, 0, 0, 0, 0, 0, 0, 0]
gleb khor           : DEBUG: [0, 0, 0, 0, 0, 0, 0, 0]
gleb khor           : DEBUG: name: khor, l_level: 1
gleb khor           : DEBUG: --------------------------------------------------
gleb khor           : DEBUG: [0, 0, 0, 0, 0, 0, 0, 0]
gleb khor           : DEBUG: [0, 0, 0, 0, 0, 0, 0, 0]
gleb khor           : DEBUG: [0, 0, 0, 0, 0, 0, 0, 0]
gleb khor           : DEBUG: [0, 0, 0, 0, 0, 0, 0, 0]
gleb khor           : DEBUG: name: khor, l_level: 2
gleb khor           : DEBUG: --------------------------------------------------
gleb khor           : DEBUG: [0, 0, 0, 0, 0, 0, 0, 0]
gleb khor           : DEBUG: [0, 0, 0, 0, 0, 0, 0, 0]
gleb khor           : DEBUG: [0, 0, 0, 0, 0, 0, 0, 0]
gleb khor           : DEBUG: [0, 0, 0, 0, 0, 0, 0, 0]
gleb khor           : DEBUG: scores: [0.521173]
gleb khor           : INFO: ------------------------------Trying rule_count_pair 8 / 8: rule_count/nonrule_count: 0/8------------------------------
gleb khor           : DEBUG: O: [8, 0, 0, 0]
gleb khor           : DEBUG: P: [4, 4, 0, 0]
gleb khor           : WARNING: Remains: 0
gleb khor           : DEBUG: p_level: 1, O: [4, 0, 0, 0]
gleb khor           : DEBUG: [6, 0, 0]
gleb khor           : DEBUG: [20, 0, 0]
gleb khor           : DEBUG: [20, 0, 0]
gleb khor           : DEBUG: [20, 0, 0]
gleb khor           : DEBUG: [4, 0, 0]
gleb khor           : DEBUG: [0, 0, 0]
gleb khor           : DEBUG: [0, 0, 0]
gleb khor           : DEBUG: [0, 0, 0]
gleb khor           : DEBUG: p_level: 0, O: [4, 0, 0, 0]
gleb khor           : DEBUG: [8]
gleb khor           : DEBUG: [20]
gleb khor           : DEBUG: [20]
gleb khor           : DEBUG: [7]
gleb khor           : DEBUG: [4]
gleb khor           : DEBUG: [0]
gleb khor           : DEBUG: [0]
gleb khor           : DEBUG: [0]
gleb khor           : DEBUG: final:
gleb khor           : DEBUG: name: gleb, l_level: 0
gleb khor           : DEBUG: --------------------------------------------------
gleb khor           : DEBUG: [4, 4, 0, 0, 0, 0, 0, 0]
gleb khor           : DEBUG: [0, 0, 0, 0, 0, 0, 0, 0]
gleb khor           : DEBUG: [0, 0, 0, 0, 0, 0, 0, 0]
gleb khor           : DEBUG: [0, 0, 0, 0, 0, 0, 0, 0]
gleb khor           : DEBUG: name: gleb, l_level: 1
gleb khor           : DEBUG: --------------------------------------------------
gleb khor           : DEBUG: [0, 0, 0, 0, 0, 0, 0, 0]
gleb khor           : DEBUG: [0, 0, 0, 0, 0, 0, 0, 0]
gleb khor           : DEBUG: [0, 0, 0, 0, 0, 0, 0, 0]
gleb khor           : DEBUG: [0, 0, 0, 0, 0, 0, 0, 0]
gleb khor           : DEBUG: name: gleb, l_level: 2
gleb khor           : DEBUG: --------------------------------------------------
gleb khor           : DEBUG: [0, 0, 0, 0, 0, 0, 0, 0]
gleb khor           : DEBUG: [0, 0, 0, 0, 0, 0, 0, 0]
gleb khor           : DEBUG: [0, 0, 0, 0, 0, 0, 0, 0]
gleb khor           : DEBUG: [0, 0, 0, 0, 0, 0, 0, 0]
gleb khor           : DEBUG: O: [8, 0, 0, 0]
gleb khor           : DEBUG: P: [4, 4, 0, 0]
gleb khor           : WARNING: Remains: 0
gleb khor           : DEBUG: p_level: 1, O: [4, 0, 0, 0]
gleb khor           : DEBUG: [7, 7, 0]
gleb khor           : DEBUG: [20, 45, 0]
gleb khor           : DEBUG: [20, 24, 0]
gleb khor           : DEBUG: [20, 20, 0]
gleb khor           : DEBUG: [4, 0, 0]
gleb khor           : DEBUG: [0, 0, 0]
gleb khor           : DEBUG: [0, 0, 0]
gleb khor           : DEBUG: [0, 0, 0]
gleb khor           : DEBUG: p_level: 0, O: [4, 0, 0, 0]
gleb khor           : DEBUG: [8]
gleb khor           : DEBUG: [20]
gleb khor           : DEBUG: [20]
gleb khor           : DEBUG: [7]
gleb khor           : DEBUG: [4]
gleb khor           : DEBUG: [0]
gleb khor           : DEBUG: [0]
gleb khor           : DEBUG: [0]
gleb khor           : DEBUG: final:
gleb khor           : DEBUG: name: khor, l_level: 0
gleb khor           : DEBUG: --------------------------------------------------
gleb khor           : DEBUG: [4, 4, 0, 0, 0, 0, 0, 0]
gleb khor           : DEBUG: [0, 0, 0, 0, 0, 0, 0, 0]
gleb khor           : DEBUG: [0, 0, 0, 0, 0, 0, 0, 0]
gleb khor           : DEBUG: [0, 0, 0, 0, 0, 0, 0, 0]
gleb khor           : DEBUG: name: khor, l_level: 1
gleb khor           : DEBUG: --------------------------------------------------
gleb khor           : DEBUG: [0, 0, 0, 0, 0, 0, 0, 0]
gleb khor           : DEBUG: [0, 0, 0, 0, 0, 0, 0, 0]
gleb khor           : DEBUG: [0, 0, 0, 0, 0, 0, 0, 0]
gleb khor           : DEBUG: [0, 0, 0, 0, 0, 0, 0, 0]
gleb khor           : DEBUG: name: khor, l_level: 2
gleb khor           : DEBUG: --------------------------------------------------
gleb khor           : DEBUG: [0, 0, 0, 0, 0, 0, 0, 0]
gleb khor           : DEBUG: [0, 0, 0, 0, 0, 0, 0, 0]
gleb khor           : DEBUG: [0, 0, 0, 0, 0, 0, 0, 0]
gleb khor           : DEBUG: [0, 0, 0, 0, 0, 0, 0, 0]
gleb khor           : DEBUG: scores: [0.50467081]
gleb khor           : DEBUG: ----------------------------------------------------------------------------------------------------
gleb khor           : DEBUG: Best score achieved: 0.5600000000000002
gleb khor           : DEBUG: Best selected: 0/4
gleb khor           : DEBUG: Rule variations: []
gleb khor           : DEBUG: Nonrule variations: [{'gllb khyr', 'glOb khIr', 'glwb khhr', 'glIb khar'}, {'glUb khur', 'glbb khyr', 'gllb khHr', 'glOb khAr'}, {'glob kher', 'glbb khrr', 'glYb khwr', 'glUb khir'}, {'glwb khrr', 'glyb khWr', 'glAb khar', 'glab kher'}, {'gllb khhr', 'glob khir', 'glOb khAr', 'glWb khWr'}, {'glyb khhr', 'glbb khYr', 'glUb khAr', 'glab kher'}, {'gllb khYr', 'glib khEr', 'glYb khwr', 'glub kher'}, {'glwb khHr', 'glWb khwr', 'glAb khEr', 'glob khir'}, {'glwb khwr', 'glOb khUr', 'glYb khHr', 'glib khir'}, {'glWb khrr', 'glib khEr', 'glab khIr', 'glbb khwr'}, {'glwb khrr', 'glIb khAr', 'glbb khHr', 'glob khur'}, {'glUb khar', 'glbb khyr', 'glob khEr', 'glYb khWr'}, {'glbb khyr', 'glUb khEr', 'glub khur', 'glYb khhr'}, {'glib kher', 'glOb khAr', 'glbb khHr', 'gllb khrr'}, {'gllb khwr', 'glib khur', 'glub khUr', 'glYb khhr'}, {'glyb khwr', 'glbb khYr', 'glUb kher', 'glOb khEr'}, {'glWb khYr', 'glyb khyr', 'glub khIr', 'glob khar'}, {'glyb khHr', 'glYb khhr', 'glob khar', 'glIb kher'}, {'glib khAr', 'glbb khhr', 'glwb khHr', 'glob khir'}, {'glwb khwr', 'glYb khWr', 'glAb khIr', 'glIb khar'}, {'glbb khhr', 'glyb khWr', 'glab khAr', 'glUb khir'}, {'glwb khwr', 'glIb khEr', 'glUb kher', 'gllb khyr'}, {'glYb khyr', 'glib khur', 'glbb khYr', 'glab khir'}, {'glWb khWr', 'gllb khHr', 'glAb khar', 'glUb khIr'}, {'glYb khYr', 'glib khEr', 'gllb khHr', 'glab khAr'}, {'glub khEr', 'gllb khWr', 'glIb khIr', 'glwb khwr'}, {'glwb khrr', 'glib khEr', 'gllb khYr', 'glub khur'}, {'glOb khUr', 'glWb khhr', 'glAb khAr', 'glbb khWr'}, {'glWb khhr', 'glwb khWr', 'glUb khUr', 'glOb khEr'}, {'glob khur', 'glwb khYr', 'glYb khWr', 'glIb kher'}, {'glOb khir', 'glib khur', 'glbb khyr', 'glYb khHr'}, {'glub khir', 'glWb khyr', 'glyb khWr', 'glab khar'}, {'glwb khrr', 'glib khUr', 'glIb khIr', 'glWb khWr'}, {'glib khEr', 'glIb khIr', 'glwb khhr', 'glbb khrr'}, {'glOb khir', 'glYb khhr', 'glyb khyr', 'glib khAr'}, {'glWb khYr', 'glbb khyr', 'glOb kher', 'glob khur'}, {'glwb khhr', 'glyb khWr', 'glub khUr', 'glib khir'}, {'glub khar', 'glib kher', 'glYb khYr', 'glWb khwr'}, {'glyb khhr', 'glWb khyr', 'glUb khUr', 'glub khIr'}, {'glbb khYr', 'glAb khUr', 'glYb khHr', 'glob khur'}, {'glUb khur', 'glob kher', 'glyb khYr', 'glbb khWr'}, {'glWb khrr', 'glib khEr', 'glIb khAr', 'glbb khwr'}, {'gllb khwr', 'glyb khhr', 'glOb khIr', 'glib khir'}, {'glYb khwr', 'glob khEr', 'glbb khYr', 'glAb khar'}, {'glib khUr', 'glwb khyr', 'glbb khwr', 'glob khIr'}, {'glwb khrr', 'glIb khir', 'glbb khyr', 'glUb khIr'}, {'glWb khrr', 'glub khir', 'glob kher', 'glyb khwr'}, {'glWb khrr', 'glib khur', 'glUb khir', 'glyb khwr'}, {'gllb khwr', 'glib khar', 'glbb khHr', 'glob khur'}, {'glib kher', 'glyb khyr', 'glbb khrr', 'glob khUr'}, {'glob khEr', 'glIb khIr', 'glWb khHr', 'glbb khWr'}, {'glub khir', 'glIb khur', 'glbb khyr', 'glWb khwr'}, {'gllb khyr', 'glWb khYr', 'glUb khEr', 'glAb khIr'}, {'glUb khar', 'glab khur', 'glyb khyr', 'glYb khwr'}, {'glib khEr', 'glYb khwr', 'glAb khir', 'glWb khHr'}, {'glWb khwr', 'glyb khYr', 'glAb khIr', 'glUb kher'}, {'glOb khir', 'glyb khWr', 'gllb khrr', 'glub khIr'}, {'glwb khwr', 'glab khar', 'glYb khHr', 'glOb khEr'}, {'glib khEr', 'glyb khyr', 'glIb khIr', 'glWb khHr'}, {'glAb khur', 'glyb khYr', 'glWb khHr', 'glUb kher'}, {'glob khAr', 'gllb khhr', 'glbb khwr', 'glub khur'}, {'glwb khhr', 'glIb khur', 'glYb khYr', 'glUb khIr'}, {'gllb khyr', 'glbb khhr', 'glub khUr', 'glob khar'}, {'gllb khHr', 'glwb khyr', 'glub khUr', 'glib khir'}, {'glyb khyr', 'glOb khEr', 'glYb khWr', 'glIb khUr'}, {'glib kher', 'glyb khyr', 'glbb khYr', 'glIb khUr'}, {'glib khEr', 'glob kher', 'glbb khYr', 'glWb khWr'}, {'glWb khwr', 'glob khIr', 'glub khAr', 'glYb khrr'}, {'glWb khYr', 'glib kher', 'glIb khur', 'gllb khWr'}, {'glwb khwr', 'glub khir', 'gllb khHr', 'glab khEr'}, {'glub khar', 'glbb khYr', 'glIb khEr', 'glYb khWr'}, {'glub khir', 'glyb khHr', 'glbb khYr', 'glIb khEr'}, {'gllb khYr', 'glwb khyr', 'glob khIr', 'glIb khUr'}, {'glub khar', 'glWb khyr', 'glIb khEr', 'gllb khwr'}, {'glUb khar', 'glWb khhr', 'glab khIr', 'glbb khHr'}, {'gllb khYr', 'glAb khar', 'glyb khWr', 'glab khEr'}, {'gllb khwr', 'glub kher', 'glAb khUr', 'glWb khHr'}, {'glOb khur', 'glIb khir', 'gllb khHr', 'glWb khWr'}, {'glwb khrr', 'glbb khhr', 'glUb khEr', 'glOb khAr'}, {'glYb khYr', 'glWb khHr', 'glub khAr', 'glUb kher'}, {'glAb khur', 'glwb khrr', 'gllb khWr', 'glUb khIr'}, {'gllb khrr', 'glOb khIr', 'glYb khWr', 'glIb khUr'}, {'glIb khAr', 'glyb khYr', 'glbb khrr', 'glUb khIr'}, {'glOb khir', 'glbb khhr', 'glwb khyr', 'glAb khAr'}, {'gllb khwr', 'glab khar', 'glwb khHr', 'glIb khEr'}, {'glob khAr', 'glbb khwr', 'glub khur', 'glYb khrr'}, {'glYb khwr', 'glwb khHr', 'glIb khur', 'glAb khIr'}, {'glwb khyr', 'glWb khYr', 'glob khIr', 'glab khAr'}, {'glob khEr', 'glub kher', 'gllb khHr', 'glYb khrr'}, {'glbb khWr', 'glIb khUr', 'glwb khyr', 'glob khur'}, {'glub khar', 'glWb khwr', 'glAb khUr', 'glbb khWr'}, {'glbb khrr', 'glWb khYr', 'glob khIr', 'glIb khUr'}, {'glib khir', 'glbb khwr', 'glWb khHr', 'glOb khEr'}, {'glib khAr', 'glyb khhr', 'glYb khyr', 'glob khUr'}, {'glub khEr', 'glyb khhr', 'glAb khir', 'gllb khwr'}, {'glWb khhr', 'glIb khur', 'glbb khyr', 'glUb khIr'}, {'glyb khWr', 'glIb khAr', 'glAb khIr', 'glWb khwr'}, {'glib kher', 'glIb khir', 'glwb khyr', 'gllb khHr'}, {'glIb khir', 'glub kher', 'glYb khwr', 'gllb khrr'}, {'glob khAr', 'gllb khhr', 'glIb khur', 'glWb khwr'}, {'glOb khir', 'glYb khhr', 'gllb khHr', 'glab khEr'}, {'glOb khir', 'glbb khhr', 'glab khAr', 'glwb khwr'}, {'glab khar', 'gllb khHr', 'glUb kher', 'glWb khWr'}, {'glUb kher', 'gllb khHr', 'glAb khAr', 'glbb khrr'}, {'glWb khrr', 'glab kher', 'glYb khyr', 'glOb khEr'}, {'glib khAr', 'glWb khhr', 'glwb khyr', 'glub khUr'}, {'glob khAr', 'glYb khHr', 'glbb khrr', 'glOb kher'}, {'glUb khar', 'glwb khHr', 'glbb khyr', 'glab khAr'}, {'glwb khwr', 'glIb khir', 'glUb kher', 'glWb khyr'}, {'glyb khYr', 'glwb khWr', 'glUb kher', 'glob khar'}, {'gllb khwr', 'glbb khhr', 'glIb khAr', 'glob khur'}, {'glyb khrr', 'glIb khAr', 'glub khUr', 'glWb khWr'}, {'glwb khhr', 'glYb khHr', 'glUb khEr', 'glOb khAr'}, {'glwb khHr', 'glYb khWr', 'glOb kher', 'glob khar'}, {'glWb khrr', 'glab khIr', 'glwb khwr', 'glOb khar'}, {'glAb khur', 'glwb khHr', 'glob khir', 'glbb khrr'}, {'glub khir', 'glWb khhr', 'glIb khar', 'glbb khWr'}, {'glbb khhr', 'glWb khwr', 'glAb kher', 'glub khIr'}, {'glib khUr', 'glwb khyr', 'glOb kher', 'glWb khWr'}, {'glIb khAr', 'glbb khYr', 'gllb khWr', 'glab khEr'}, {'glyb khHr', 'glib khar', 'glAb khIr', 'glbb khrr'}, {'glib khAr', 'gllb khYr', 'glYb khHr', 'glab kher'}, {'glub khar', 'glyb khHr', 'glwb khYr', 'glUb khir'}, {'glUb khar', 'gllb khYr', 'glub khUr', 'glwb khwr'}, {'glOb khUr', 'glyb khrr', 'glYb khWr', 'glab khir'}, {'glYb khyr', 'glWb khYr', 'glAb khir', 'glOb khEr'}, {'glbb khWr', 'glib khEr', 'glWb khhr', 'glob khur'}, {'glOb khur', 'glib khar', 'glyb khrr', 'glWb khWr'}, {'glUb khEr', 'gllb khHr', 'glab khir', 'glbb khWr'}, {'glAb khir', 'glWb khHr', 'glab khEr', 'glbb khrr'}, {'gllb khYr', 'glWb khhr', 'glAb khir', 'glIb khIr'}, {'glOb khUr', 'glIb khir', 'gllb khhr', 'glwb khYr'}, {'glOb khur', 'glbb khwr', 'glub khIr', 'glWb khWr'}, {'glOb khir', 'glob kher', 'glyb khyr', 'glbb khHr'}, {'glab khUr', 'glwb khrr', 'glyb khHr', 'glUb khEr'}, {'glWb khhr', 'glYb khYr', 'glob khar', 'glab kher'}, {'glWb khyr', 'glub khAr', 'glYb khhr', 'glIb kher'}, {'glyb khYr', 'glbb khrr', 'glAb khIr', 'glob khar'}, {'glWb khYr', 'glib kher', 'glob khir', 'glbb khWr'}, {'glib khAr', 'glYb khhr', 'glyb khHr', 'glOb kher'}, {'glOb khir', 'glYb khrr', 'glob khIr', 'glbb khHr'}, {'glib khUr', 'glWb khyr', 'glyb khYr', 'glUb kher'}, {'glYb khyr', 'gllb khHr', 'glub khur', 'glib khir'}, {'glYb khHr', 'glyb khYr', 'glAb khAr', 'glab khir'}, {'glOb khir', 'gllb khhr', 'glWb khYr', 'glIb khar'}, {'gllb khYr', 'glYb khhr', 'glib khar', 'glUb kher'}, {'glib khEr', 'gllb khhr', 'glAb kher', 'glyb khrr'}, {'glOb khir', 'glAb kher', 'glbb khYr', 'glWb khHr'}, {'glUb khur', 'glwb khhr', 'glAb kher', 'gllb khHr'}, {'glyb khYr', 'glbb khHr', 'glib khar', 'glab khir'}, {'glUb khur', 'glwb khHr', 'glYb khwr', 'glIb kher'}, {'glbb khhr', 'glYb khHr', 'glub khur', 'glOb khar'}, {'glwb khyr', 'glAb khEr', 'glbb khrr', 'glIb khUr'}, {'glYb khYr', 'glyb khWr', 'glib khar', 'glUb khAr'}, {'glwb khHr', 'glbb khyr', 'glub khIr', 'glab kher'}, {'glwb khrr', 'glbb khyr', 'glIb khar', 'glUb khIr'}, {'glAb khur', 'glab khar', 'glWb khwr', 'glYb khYr'}, {'glUb khar', 'glbb khrr', 'gllb khHr', 'glIb khUr'}, {'glyb khWr', 'glOb khur', 'gllb khhr', 'glob khir'}, {'glyb khHr', 'gllb khWr', 'glub khAr', 'glUb kher'}, {'glwb khHr', 'glyb khWr', 'glIb khEr', 'glUb khIr'}, {'glib khAr', 'glOb khIr', 'glyb khwr', 'glbb khWr'}, {'glib khAr', 'glWb khWr', 'glyb khyr', 'glOb khEr'}, {'glyb khrr', 'glWb khyr', 'glIb khIr', 'glUb kher'}, {'glab khur', 'glbb khrr', 'glyb khwr', 'glUb khIr'}, {'glub khir', 'glYb khwr', 'glWb khhr', 'glob khur'}, {'glYb khyr', 'glyb khhr', 'glAb khUr', 'glub khAr'}, {'glib khEr', 'glWb khyr', 'glyb khWr', 'glab khAr'}, {'glyb khrr', 'glWb khwr', 'glAb khEr', 'glIb khar'}, {'glbb khWr', 'glab khar', 'glyb khwr', 'glIb khUr'}, {'glib khEr', 'glYb khwr', 'glyb khyr', 'glob khIr'}, {'glab khur', 'glib kher', 'glyb khyr', 'glWb khwr'}, {'glub khir', 'glyb khHr', 'glYb khYr', 'glAb khar'}, {'glib khEr', 'glIb khAr', 'glYb khWr', 'glyb khwr'}, {'glWb khWr', 'glyb khYr', 'glAb khir', 'glUb khIr'}, {'glob khAr', 'glYb khYr', 'glub khUr', 'glWb khHr'}, {'glub khar', 'glOb khUr', 'glyb khWr', 'glYb khyr'}, {'glYb khYr', 'glWb khyr', 'glub khAr', 'glab khEr'}, {'glUb khar', 'glWb khYr', 'glIb khir', 'glYb khrr'}, {'glWb khrr', 'glbb khWr', 'glub kher', 'glIb khUr'}, {'gllb khwr', 'glwb khYr', 'glob khir', 'glIb khIr'}, {'glwb khrr', 'glIb khur', 'glUb khir', 'glbb khWr'}, {'glab khar', 'glyb khHr', 'glAb khIr', 'glWb khhr'}, {'glyb khYr', 'glib khar', 'gllb khHr', 'glab kher'}, {'glWb khrr', 'glib kher', 'glyb khHr', 'glub khur'}, {'glwb khwr', 'glUb khEr', 'glIb khar', 'gllb khyr'}, {'gllb khwr', 'glwb khrr', 'glub khUr', 'glOb kher'}, {'glub khEr', 'glbb khhr', 'glYb khyr', 'glob khAr'}, {'glib khAr', 'glWb khyr', 'glYb khYr', 'glOb khar'}, {'glUb khar', 'glyb khhr', 'glWb khrr', 'glIb kher'}, {'gllb khyr', 'glbb khwr', 'glub khur', 'glob khUr'}, {'glyb khrr', 'glWb khwr', 'glIb khEr', 'glUb khIr'}, {'glwb khYr', 'glUb khAr', 'glbb khyr', 'glob khur'}, {'gllb khWr', 'glyb khyr', 'glUb khEr', 'glib khIr'}, {'glyb khWr', 'glAb khEr', 'glbb khwr', 'glUb kher'}, {'glob khAr', 'glyb khhr', 'glAb khEr', 'glwb khWr'}, {'glib khAr', 'glyb khHr', 'glbb khwr', 'glAb khir'}, {'glAb khur', 'glub khir', 'gllb khWr', 'glWb khrr'}, {'glib khAr', 'glob khIr', 'glYb khYr', 'glbb khWr'}, {'glwb khhr', 'glab khIr', 'glOb khAr', 'glbb khWr'}, {'glOb khir', 'glyb khWr', 'gllb khrr', 'glab kher'}, {'glWb khrr', 'gllb khyr', 'glab khIr', 'glOb khEr'}, {'glIb khAr', 'glyb khyr', 'glwb khhr', 'glob khUr'}, {'glUb khur', 'glob kher', 'glYb khYr', 'glbb khHr'}, {'glYb khyr', 'glwb khYr', 'glub khur', 'glOb kher'}, {'glWb khrr', 'glib khUr', 'glYb khwr', 'glOb khIr'}, {'glib khAr', 'glOb khUr', 'glyb khyr', 'glbb khWr'}, {'glUb khur', 'glub khir', 'glbb khwr', 'glyb khhr'}, {'glyb khHr', 'glab khur', 'glYb khWr', 'glAb khar'}, {'glbb khYr', 'glYb khHr', 'glIb khEr', 'glub khur'}, {'glab khUr', 'glyb khyr', 'glAb khar', 'glwb khwr'}, {'glYb khYr', 'glWb khwr', 'glib khar', 'glAb khIr'}, {'glAb khur', 'glWb khyr', 'glyb khwr', 'glOb khar'}, {'glyb khHr', 'glbb khYr', 'glUb khIr', 'glob khUr'}, {'glab khar', 'glWb khYr', 'glwb khyr', 'glOb khAr'}, {'gllb khhr', 'glIb khur', 'glyb khrr', 'glob khUr'}, {'glUb khur', 'glWb khWr', 'glyb khwr', 'glab kher'}, {'glYb khyr', 'glyb khHr', 'glUb kher', 'glab khir'}, {'glYb khHr', 'glbb khhr', 'glOb khAr', 'glub khUr'}, {'glib khEr', 'glAb khIr', 'glyb khrr', 'glWb khWr'}, {'gllb khwr', 'glWb khhr', 'glAb khIr', 'glob khar'}, {'glyb khrr', 'glib kher', 'glbb khHr', 'glab khir'}, {'glUb khur', 'glyb khyr', 'glob khIr', 'glwb khwr'}, {'glyb khWr', 'glYb khhr', 'glUb khEr', 'glOb kher'}, {'glob khAr', 'glWb khYr', 'glAb khEr', 'glbb khHr'}, {'glyb khyr', 'glab khIr', 'glwb khWr', 'glIb khUr'}, {'glAb khur', 'glwb khHr', 'glyb khWr', 'glib khAr'}, {'glOb khur', 'glyb khHr', 'glUb khEr', 'glbb khrr'}, {'glib khur', 'glyb khYr', 'glbb khhr', 'glub khAr'}, {'glyb khWr', 'glib khUr', 'glbb khyr', 'glAb khEr'}, {'glOb khUr', 'glYb khHr', 'glbb khwr', 'glIb kher'}, {'glab khUr', 'glWb khyr', 'glwb khhr', 'glAb khar'}, {'glib khEr', 'glab khIr', 'gllb khHr', 'glbb khyr'}, {'glub khar', 'glwb khYr', 'glYb khwr', 'glob khUr'}, {'glOb khur', 'glib khEr', 'glbb khyr', 'glYb khWr'}, {'glwb khwr', 'glob khir', 'glYb khHr', 'glab kher'}, {'glYb khhr', 'glIb khIr', 'glwb khYr', 'glUb khir'}, {'glob kher', 'glwb khWr', 'glbb khrr', 'glab khAr'}, {'glub khir', 'glab khIr', 'glWb khwr', 'glYb khhr'}, {'glob khAr', 'glbb khhr', 'glyb khHr', 'glAb kher'}, {'glWb khwr', 'glyb khYr', 'glUb khir', 'glIb khUr'}, {'glib khEr', 'glyb khyr', 'gllb khHr', 'glUb khIr'}, {'glyb khrr', 'glAb kher', 'glUb khAr', 'glYb khYr'}, {'glwb khwr', 'glIb khir', 'glWb khHr', 'glOb khEr'}, {'glyb khrr', 'glUb khAr', 'glub khur', 'glWb khhr'}, {'glYb khrr', 'glib khUr', 'glWb khwr', 'glUb khir'}, {'glbb khYr', 'glIb khEr', 'glOb khAr', 'glYb khrr'}, {'glwb khrr', 'glbb khyr', 'glUb khAr', 'glab khEr'}, {'gllb khyr', 'glwb khYr', 'glob khEr', 'glub kher'}, {'glwb khyr', 'glYb khwr', 'glib khar', 'glOb khEr'}, {'gllb khyr', 'glyb khWr', 'glIb khIr', 'glOb khAr'}, {'glWb khrr', 'glwb khyr', 'glAb khir', 'glIb khEr'}, {'glAb khur', 'glwb khYr', 'glab khAr', 'glbb khWr'}, {'gllb khYr', 'glIb khAr', 'glyb khwr', 'glib khir'}, {'glib kher', 'glob khIr', 'glYb khYr', 'gllb khWr'}, {'glib khur', 'glwb khWr', 'glYb khhr', 'glub khir'}, {'glab khUr', 'glob kher', 'glyb khwr', 'glWb khyr'}, {'gllb khyr', 'glab khar', 'glUb khAr', 'glYb khhr'}, {'glwb khHr', 'glbb khhr', 'glUb khEr', 'glob khar'}, {'glob khAr', 'glYb khwr', 'glyb khYr', 'glub khUr'}, {'glbb khrr', 'glAb khUr', 'gllb khwr', 'glUb khIr'}, {'glwb khHr', 'gllb khhr', 'glAb khar', 'glob khur'}, {'glUb khar', 'gllb khhr', 'glwb khWr', 'glOb khIr'}, {'glyb khrr', 'gllb khWr', 'glAb khAr', 'glOb khEr'}, {'glOb khUr', 'glbb khrr', 'glub khIr', 'glyb khhr'}, {'glib khAr', 'glyb khWr', 'glWb khyr', 'glob khIr'}, {'glub khar', 'glob kher', 'glbb khHr', 'gllb khrr'}, {'glub khar', 'glIb khur', 'glyb khHr', 'glYb khhr'}, {'glwb khwr', 'glyb khyr', 'glOb khAr', 'glAb khar'}, {'glAb khur', 'glyb khrr', 'glob kher', 'glYb khHr'}, {'glYb khyr', 'glab khar', 'glyb khhr', 'glib khir'}, {'glbb khWr', 'glib khUr', 'gllb khyr', 'glab kher'}, {'glYb khyr', 'glbb khwr', 'glub khUr', 'glab kher'}, {'glwb khhr', 'glib khEr', 'glob kher', 'glYb khYr'}, {'glwb khWr', 'glbb khYr', 'glAb khIr', 'glab khEr'}, {'glob khEr', 'glwb khhr', 'glyb khwr', 'glib khir'}, {'glab khar', 'glOb khUr', 'glbb khYr', 'gllb khWr'}, {'glbb khhr', 'glWb khyr', 'glab khAr', 'glob khur'}, {'glWb khyr', 'glUb khUr', 'glob khar', 'glbb khWr'}, {'glib khUr', 'glYb khwr', 'gllb khhr', 'glab khEr'}, {'glOb khur', 'glbb khwr', 'glYb khWr', 'glob khar'}, {'glyb khYr', 'glIb khIr', 'glub khUr', 'glYb khrr'}, {'gllb khyr', 'glab khar', 'glIb khIr', 'glYb khWr'}, {'glib khUr', 'gllb khhr', 'glUb kher', 'glWb khWr'}, {'glbb khyr', 'glwb khWr', 'glUb khIr', 'glIb kher'}, {'glwb khwr', 'glbb khrr', 'glIb khEr', 'glib khir'}, {'glub khar', 'glbb khhr', 'glwb khYr', 'glab kher'}, {'glWb khyr', 'glob khEr', 'gllb khHr', 'glOb khAr'}, {'glwb khrr', 'glAb kher', 'glbb khwr', 'glib khIr'}, {'glIb khAr', 'glyb khyr', 'glOb khIr', 'glWb khHr'}, {'glYb khyr', 'glAb khIr', 'glyb khwr', 'glib khir'}, {'gllb khhr', 'glOb khAr', 'glyb khwr', 'glIb khUr'}, {'glbb khwr', 'glAb khir', 'glWb khHr', 'glUb khIr'}, {'glib khUr', 'glAb khEr', 'glYb khrr', 'glyb khwr'}, {'glwb khrr', 'glub khir', 'glIb khur', 'glbb khHr'}, {'glAb khur', 'glyb khHr', 'glab khir', 'glwb khwr'}, {'glib khur', 'glbb khwr', 'glOb khIr', 'glYb khWr'}, {'glWb khyr', 'glub kher', 'glAb khir', 'gllb khHr'}, {'glub khEr', 'glOb khUr', 'glWb khYr', 'glyb khHr'}, {'glYb khYr', 'glWb khwr', 'glub khAr', 'glob khUr'}, {'glib khAr', 'glyb khWr', 'glbb khyr', 'glUb kher'}, {'glyb khhr', 'glbb khYr', 'glUb khAr', 'glib khar'}, {'gllb khhr', 'glwb khYr', 'glab khAr', 'glOb kher'}, {'glwb khhr', 'glyb khYr', 'glAb khUr', 'glub khIr'}, {'glob khAr', 'glyb khWr', 'glwb khwr', 'glab kher'}, {'glYb khyr', 'glab khAr', 'glub khur', 'glWb khWr'}, {'gllb khyr', 'glab khar', 'glIb khur', 'glWb khwr'}, {'glWb khrr', 'glab kher', 'glYb khyr', 'glob khur'}, {'glub khar', 'glbb khhr', 'glib kher', 'glyb khHr'}, {'glub khar', 'glWb khYr', 'glob khir', 'glYb khHr'}, {'glwb khrr', 'glIb khir', 'glOb khIr', 'gllb khWr'}, {'glyb khhr', 'glbb khwr', 'glub khAr', 'glib khir'}, {'glyb khWr', 'gllb khhr', 'glub khur', 'glob khar'}, {'gllb khwr', 'glib khur', 'glob khir', 'glwb khWr'}, {'glAb khur', 'glub khEr', 'gllb khhr', 'glYb khHr'}, {'glWb khhr', 'glyb khHr', 'glab khEr', 'glOb khar'}, {'gllb khYr', 'glib kher', 'glbb khwr', 'glab khAr'}, {'glYb khHr', 'glWb khYr', 'glAb khEr', 'glub khAr'}, {'glAb khur', 'glOb khUr', 'glWb khYr', 'glYb khyr'}, {'gllb khyr', 'glIb khur', 'glWb khrr', 'glib khIr'}, {'glWb khWr', 'glIb khUr', 'glbb khrr', 'glib khir'}, {'glwb khhr', 'glbb khYr', 'glib khar', 'glab khAr'}, {'glYb khrr', 'gllb khWr', 'glAb khar', 'glob khur'}, {'glWb khrr', 'glub khUr', 'glIb khar', 'gllb khyr'}, {'gllb khWr', 'glAb khEr', 'glWb khwr', 'glIb khar'}, {'gllb khyr', 'glWb khYr', 'glib kher', 'glAb khIr'}, {'glbb khYr', 'glIb khir', 'glAb khEr', 'gllb khWr'}, {'glWb khrr', 'glOb khUr', 'glyb khyr', 'glUb khir'}, {'glOb khur', 'glwb khYr', 'glab khir', 'glWb khWr'}, {'glwb khHr', 'gllb khWr', 'glub khur', 'glab kher'}, {'glyb khrr', 'glIb khir', 'glub khur', 'glWb khWr'}, {'gllb khYr', 'glab khur', 'glYb khHr', 'glub khAr'}, {'glwb khYr', 'gllb khhr', 'glab khAr', 'glob khUr'}, {'glib khAr', 'glwb khHr', 'glYb khWr', 'glab kher'}, {'glUb khar', 'glyb khhr', 'glab khur', 'glwb khrr'}, {'glwb khHr', 'glWb khYr', 'glIb khUr', 'glab kher'}, {'glWb khrr', 'glwb khYr', 'glob khir', 'glIb khar'}, {'gllb khrr', 'glob khIr', 'glwb khhr', 'glAb khUr'}, {'glyb khWr', 'glIb khir', 'glUb khAr', 'glwb khhr'}, {'glib khEr', 'glwb khHr', 'glOb kher', 'glWb khWr'}, {'glab khUr', 'gllb khhr', 'glob kher', 'glwb khyr'}, {'gllb khrr', 'glyb khyr', 'glAb khIr', 'glob khUr'}, {'glAb khEr', 'glIb khIr', 'glyb khwr', 'glbb khWr'}, {'glub khar', 'glWb khyr', 'glwb khWr', 'glob khIr'}, {'glyb khhr', 'glWb khYr', 'glub khAr', 'glob khur'}, {'glwb khHr', 'glbb khYr', 'glUb kher', 'glib khir'}, {'glub khar', 'gllb khyr', 'glWb khwr', 'glob khUr'}, {'glob khAr', 'glwb khrr', 'glUb khUr', 'glYb khyr'}, {'glyb khhr', 'glWb khwr', 'glAb khAr', 'glob khur'}, {'gllb khYr', 'glib khUr', 'glub khAr', 'glYb khrr'}, {'glwb khrr', 'glub khur', 'glUb kher', 'glyb khwr'}, {'glyb khrr', 'gllb khWr', 'glAb khir', 'glab khEr'}, {'glyb khhr', 'glbb khyr', 'glab khEr', 'glIb kher'}, {'gllb khYr', 'glIb khir', 'glob khEr', 'glYb khWr'}, {'glbb khWr', 'gllb khyr', 'glub khAr', 'glib khir'}, {'glOb khir', 'glwb khrr', 'glYb khHr', 'glUb khIr'}, {'glib khEr', 'glYb khHr', 'glUb khAr', 'glWb khhr'}, {'glbb khyr', 'glAb khEr', 'glYb khwr', 'glOb khar'}, {'glub khEr', 'gllb khWr', 'glAb khir', 'glWb khHr'}, {'glAb khur', 'glWb khrr', 'glYb khYr', 'glOb khar'}, {'glab khur', 'glYb khHr', 'glAb khUr', 'glbb khWr'}, {'glyb khWr', 'gllb khHr', 'glub khur', 'glob khUr'}, {'glUb khar', 'glAb khIr', 'glYb khhr', 'glbb khWr'}, {'glwb khwr', 'glyb khHr', 'glub khUr', 'glUb khir'}, {'glwb khrr', 'glib khEr', 'glbb khwr', 'glIb kher'}, {'glOb khur', 'glWb khwr', 'glIb khEr', 'glYb khrr'}, {'glWb khWr', 'glIb khAr', 'glwb khyr', 'glib khir'}, {'glYb khyr', 'glbb khYr', 'glUb khAr', 'glOb kher'}, {'glab khUr', 'glwb khWr', 'glYb khrr', 'glAb khAr'}, {'glYb khhr', 'glyb khyr', 'glob khar', 'glab kher'}, {'glub khEr', 'glwb khyr', 'glWb khHr', 'glUb khir'}, {'glib khAr', 'glWb khhr', 'glob khEr', 'glYb khrr'}, {'glyb khWr', 'glwb khhr', 'glob khar', 'glIb kher'}, {'glWb khhr', 'glIb khir', 'glyb khYr', 'glAb khAr'}, {'gllb khwr', 'glob khUr', 'glWb khHr', 'glOb khar'}, {'glob khAr', 'glbb khWr', 'glAb khir', 'glwb khwr'}, {'glub khEr', 'glWb khYr', 'gllb khhr', 'glob khar'}, {'glab khUr', 'gllb khYr', 'glOb khIr', 'glwb khwr'}, {'glyb khYr', 'glIb khur', 'glwb khWr', 'glab khir'}, {'glob khAr', 'glWb khyr', 'glOb khIr', 'glYb khhr'}, {'glub khir', 'glbb khyr', 'glyb khwr', 'glUb khIr'}, {'gllb khWr', 'glAb khEr', 'glib khar', 'glbb khrr'}, {'glIb khir', 'glbb khwr', 'glYb khrr', 'glOb khar'}, {'glob khAr', 'glyb khHr', 'glbb khrr', 'glUb kher'}, {'gllb khrr', 'glYb khWr', 'glAb khAr', 'glUb khIr'}, {'glUb khur', 'glwb khhr', 'glIb khir', 'glYb khwr'}, {'glob khAr', 'glWb khyr', 'gllb khWr', 'glOb kher'}, {'gllb khYr', 'glob khEr', 'glwb khyr', 'glab khAr'}, {'glub khar', 'glYb khwr', 'glbb khHr', 'glob khur'}, {'glwb khrr', 'glib khir', 'glyb khyr', 'glob khur'}, {'glYb khYr', 'glyb khWr', 'glIb khAr', 'glUb khUr'}, {'glib khAr', 'glOb khur', 'gllb khrr', 'glbb khWr'}, {'gllb khwr', 'glyb khWr', 'glub kher', 'glUb khUr'}, {'gllb khwr', 'glIb khur', 'glob kher', 'glbb khyr'}, {'glib khEr', 'glob kher', 'glwb khWr', 'glyb khhr'}, {'glIb khir', 'gllb khWr', 'glYb khYr', 'glob khur'}, {'glWb khrr', 'glYb khwr', 'glAb khUr', 'glab khEr'}, {'glYb khyr', 'glab khar', 'gllb khrr', 'glib khir'}, {'gllb khYr', 'glib kher', 'glwb khWr', 'glUb khIr'}, {'glwb khHr', 'glAb kher', 'glWb khhr', 'glib khir'}, {'gllb khYr', 'glYb khHr', 'glAb khUr', 'glOb khEr'}, {'glyb khrr', 'glWb khyr', 'glUb khAr', 'glOb kher'}, {'gllb khYr', 'glib kher', 'glOb khAr', 'glbb khHr'}, {'glYb khrr', 'glwb khHr', 'glIb khur', 'glUb khir'}, {'glYb khwr', 'glAb khEr', 'glbb khrr', 'glUb kher'}, {'gllb khyr', 'glbb khhr', 'glob khIr', 'glab khir'}, {'glib khur', 'glwb khyr', 'glob khar', 'glWb khWr'}, {'glib khEr', 'glYb khwr', 'glUb khAr', 'gllb khHr'}, {'glUb khur', 'glwb khHr', 'glWb khrr', 'glab khAr'}, {'glob khAr', 'glyb khrr', 'glWb khYr', 'glib khir'}, {'glYb khYr', 'glOb khAr', 'glAb khar', 'glWb khWr'}, {'glWb khhr', 'glub khur', 'glyb khwr', 'glOb khar'}, {'glib khAr', 'glWb khYr', 'glyb khyr', 'glIb khEr'}, {'glWb khhr', 'glYb khwr', 'glob khEr', 'glIb khar'}, {'glOb khir', 'glwb khWr', 'glub khIr', 'gllb khyr'}, {'glWb khyr', 'glIb khIr', 'glub khUr', 'gllb khrr'}, {'glyb khhr', 'glwb khyr', 'glUb khIr', 'glOb khEr'}, {'glub khEr', 'glyb khhr', 'glbb khyr', 'glab khir'}, {'glwb khwr', 'glub khir', 'glyb khHr', 'glib khIr'}, {'glYb khHr', 'glub khIr', 'glab khEr', 'glWb khWr'}, {'glUb khar', 'glwb khrr', 'glYb khHr', 'glub khur'}, {'glAb khur', 'glwb khWr', 'glub khUr', 'glYb khyr'}, {'gllb khwr', 'glIb khur', 'glob khIr', 'glbb khrr'}, {'glab khar', 'gllb khrr', 'glob khEr', 'glyb khwr'}, {'gllb khYr', 'glbb khhr', 'glab khIr', 'glub khUr'}, {'glbb khhr', 'glAb khIr', 'glyb khwr', 'glOb khar'}, {'glob khAr', 'glbb khYr', 'glUb khar', 'glwb khWr'}, {'glib khUr', 'gllb khhr', 'glyb khWr', 'glob khar'}, {'glOb khir', 'glyb khWr', 'glIb khAr', 'glWb khwr'}, {'glub khar', 'gllb khhr', 'glyb khYr', 'glUb kher'}, {'glWb khrr', 'glbb khyr', 'glAb kher', 'glOb khEr'}, {'glyb khhr', 'glab khur', 'glbb khyr', 'glOb khAr'}, {'glOb khur', 'glwb khHr', 'glIb khIr', 'glyb khrr'}, {'glAb khur', 'gllb khWr', 'glob khIr', 'glwb khhr'}, {'glbb khhr', 'glib kher', 'glIb khEr', 'glyb khrr'}, {'glWb khwr', 'glYb khhr', 'glAb khar', 'glUb khIr'}, {'glbb khWr', 'glIb kher', 'glWb khYr', 'glob khur'}, {'glbb khWr', 'gllb khYr', 'glub khAr', 'glOb khar'}, {'glyb khWr', 'glIb khir', 'glUb khAr', 'glbb khrr'}, {'glyb khHr', 'glob khIr', 'glIb khar', 'glWb khWr'}, {'glyb khWr', 'glbb khyr', 'glAb khir', 'glUb khEr'}, {'glyb khrr', 'glWb khyr', 'glAb khUr', 'glIb khar'}, {'glOb khUr', 'glyb khYr', 'glIb khEr', 'glYb khrr'}, {'glub khEr', 'glWb khYr', 'glyb khyr', 'glab khir'}, {'glYb khrr', 'glwb khHr', 'glob khar', 'glab kher'}, {'gllb khYr', 'glbb khhr', 'glab khAr', 'glUb kher'}, {'glbb khhr', 'glOb khIr', 'glub khUr', 'glYb khrr'}, {'glob khAr', 'glwb khHr', 'glYb khhr', 'glIb khUr'}, {'glIb khAr', 'glyb khyr', 'glWb khHr', 'glAb khar'}, {'glIb khAr', 'glob khir', 'glwb khYr', 'glWb khwr'}, {'glwb khwr', 'glyb khyr', 'glAb khir', 'glIb kher'}, {'glib khAr', 'glWb khWr', 'glYb khHr', 'glIb kher'}, {'gllb khwr', 'glab khar', 'glYb khYr', 'glOb khEr'}, {'glab khar', 'glWb khyr', 'glbb khwr', 'glub khur'}, {'glib khUr', 'glIb khur', 'glyb khYr', 'glbb khHr'}, {'glWb khYr', 'glIb khEr', 'gllb khWr', 'glab kher'}, {'glub khar', 'glWb khhr', 'glYb khwr', 'glAb kher'}, {'gllb khhr', 'glob khir', 'glbb khrr', 'glib khIr'}, {'glob khAr', 'glyb khrr', 'gllb khYr', 'glUb khir'}, {'glbb khwr', 'glUb khUr', 'glub khur', 'glWb khWr'}, {'glib khAr', 'glyb khyr', 'glbb khrr', 'glUb kher'}, {'glab khUr', 'glWb khyr', 'glUb kher', 'glwb khwr'}, {'glab khIr', 'glwb khWr', 'glbb khwr', 'glUb khir'}, {'glub khEr', 'glyb khHr', 'glYb khYr', 'glib khIr'}, {'glWb khhr', 'glwb khYr', 'glAb khar', 'glOb khEr'}, {'glab khur', 'glbb khrr', 'glAb khIr', 'glWb khHr'}, {'glyb khyr', 'glAb khir', 'glub khAr', 'glbb khrr'}, {'glbb khWr', 'glib khur', 'gllb khhr', 'glIb khUr'}, {'glwb khrr', 'glyb khHr', 'glOb khEr', 'glob khUr'}, {'glbb khWr', 'glWb khyr', 'glIb khar', 'glob khUr'}, {'glyb khhr', 'glAb khIr', 'glYb khrr', 'glob khur'}, {'glUb khur', 'glyb khhr', 'glAb khEr', 'glbb khWr'}, {'gllb khyr', 'glib khEr', 'glwb khWr', 'glub khIr'}, {'glwb khhr', 'glYb khyr', 'glUb khIr', 'glIb khUr'}, {'glyb khWr', 'glOb khUr', 'glbb khHr', 'glob khar'}, {'glYb khhr', 'glub khUr', 'glOb kher', 'glbb khWr'}, {'glUb khar', 'glib kher', 'glwb khhr', 'glWb khHr'}, {'glwb khYr', 'glbb khyr', 'glAb khUr', 'glOb khAr'}, {'glWb khWr', 'glib khir', 'glwb khrr', 'glIb khUr'}, {'glyb khrr', 'glIb khAr', 'glub khur', 'glYb khhr'}, {'glYb khhr', 'glbb khwr', 'glOb khIr', 'glUb kher'}, {'glYb khyr', 'glib khur', 'glwb khWr', 'glIb khEr'}, {'glWb khyr', 'glob kher', 'glYb khhr', 'glOb khEr'}, {'glub khar', 'glIb khir', 'glwb khyr', 'gllb khrr'}, {'glab khUr', 'glwb khYr', 'glyb khyr', 'glIb khar'}, {'glWb khrr', 'glyb khWr', 'glAb kher', 'glUb khIr'}, {'glOb khUr', 'glbb khwr', 'glub khur', 'glWb khhr'}, {'glWb khrr', 'glib khur', 'glUb khAr', 'gllb khwr'}, {'glAb khar', 'glYb khWr', 'glwb khyr', 'glab khir'}, {'glIb khir', 'glbb khYr', 'glAb khAr', 'glyb khwr'}, {'glwb khyr', 'glWb khHr', 'glAb khar', 'glib khir'}, {'gllb khyr', 'glib kher', 'glWb khrr', 'glub khAr'}, {'glWb khrr', 'glab khIr', 'glob khEr', 'glyb khwr'}, {'glAb khur', 'gllb khhr', 'glub khUr', 'glyb khwr'}, {'glOb khUr', 'glib khar', 'glWb khHr', 'glyb khrr'}, {'glUb khar', 'gllb khhr', 'glWb khHr', 'glab kher'}, {'gllb khhr', 'glwb khYr', 'glAb khir', 'glOb kher'}, {'gllb khwr', 'glWb khYr', 'glAb khAr', 'glob khUr'}, {'glwb khWr', 'glUb khAr', 'glYb khrr', 'glIb khUr'}, {'glub khEr', 'glbb khYr', 'glob khIr', 'glYb khhr'}, {'glwb khwr', 'glub khir', 'gllb khYr', 'glob khur'}, {'glbb khhr', 'glIb khur', 'glob khEr', 'glyb khwr'}, {'glwb khYr', 'glAb khUr', 'glub khIr', 'glYb khrr'}, {'glyb khhr', 'glIb khAr', 'glbb khwr', 'glub khur'}, {'glyb khyr', 'glob kher', 'glIb khAr', 'glWb khWr'}, {'glWb khhr', 'glob khEr', 'glUb kher', 'glwb khWr'}, {'glwb khhr', 'glWb khYr', 'glIb khIr', 'glib khar'}, {'glWb khwr', 'glbb khrr', 'glab khAr', 'glob khUr'}, {'gllb khwr', 'glbb khYr', 'glob khIr', 'glAb khar'}, {'glYb khyr', 'glab khur', 'glAb khUr', 'glbb khWr'}, {'glab khIr', 'glyb khyr', 'glAb khUr', 'glYb khWr'}, {'glab khar', 'gllb khWr', 'glub khIr', 'glwb khYr'}, {'glWb khWr', 'glbb khhr', 'glub khIr', 'glob khur'}, {'gllb khyr', 'glub khAr', 'glbb khHr', 'glOb khar'}, {'glyb khHr', 'glbb khYr', 'glob khar', 'glab kher'}, {'glob khAr', 'glub khir', 'glwb khHr', 'glYb khyr'}, {'glWb khyr', 'glIb khAr', 'glob khEr', 'gllb khYr'}, {'gllb khyr', 'glib khUr', 'glob kher', 'glYb khYr'}, {'glbb khWr', 'glib khEr', 'glWb khHr', 'glIb kher'}, {'glob khAr', 'glwb khrr', 'glub khur', 'glWb khhr'}, {'glwb khYr', 'gllb khrr', 'glob khar', 'glIb kher'}, {'glab khUr', 'glyb khhr', 'glYb khHr', 'glOb khEr'}, {'glOb khUr', 'glbb khyr', 'glUb khEr', 'glyb khhr'}, {'glyb khyr', 'gllb khHr', 'glAb khIr', 'glab khir'}, {'glOb khur', 'glYb khhr', 'glbb khHr', 'glUb khir'}, {'glwb khwr', 'glab khar', 'glyb khYr', 'glAb kher'}, {'glUb khur', 'glwb khhr', 'glub khAr', 'gllb khyr'}, {'glwb khwr', 'glOb khUr', 'glyb khyr', 'glub khir'}, {'glYb khYr', 'glbb khwr', 'glub khIr', 'glIb khUr'}, {'glyb khhr', 'glab khIr', 'glUb khUr', 'gllb khrr'}, {'glUb khar', 'glIb khAr', 'gllb khwr', 'glbb khHr'}, {'glib khur', 'gllb khrr', 'glyb khWr', 'glab khir'}, {'glIb khir', 'glYb khYr', 'glAb khAr', 'glWb khWr'}, {'glob khAr', 'glyb khrr', 'gllb khWr', 'glOb khEr'}, {'glbb khWr', 'glWb khrr', 'glAb khAr', 'glib khir'}, {'glob khAr', 'glib khEr', 'gllb khHr', 'glyb khrr'}, {'glwb khhr', 'glWb khwr', 'glub khUr', 'glOb khar'}, {'glyb khrr', 'glWb khyr', 'glUb khAr', 'glab khir'}, {'glyb khHr', 'glab khur', 'glbb khyr', 'glOb khAr'}, {'glAb khIr', 'glWb khYr', 'glbb khrr', 'glub khAr'}, {'glOb khur', 'glUb khEr', 'glyb khhr', 'glbb khHr'}, {'glib khAr', 'gllb khHr', 'glAb khar', 'glwb khwr'}, {'glyb khyr', 'glIb khEr', 'glub khIr', 'glbb khrr'}, {'glWb khwr', 'glob khIr', 'glub khUr', 'gllb khHr'}, {'glUb khur', 'glyb khrr', 'glab khIr', 'glwb khhr'}, {'glib khUr', 'glab khIr', 'glYb khHr', 'glyb khwr'}, {'glOb khir', 'glyb khHr', 'glUb khEr', 'glwb khhr'}, {'glub khir', 'glWb khyr', 'glbb khhr', 'glOb kher'}, {'glYb khyr', 'glib kher', 'glAb khar', 'glyb khwr'}, {'glYb khhr', 'glIb khEr', 'glub khUr', 'glbb khHr'}, {'glWb khWr', 'gllb khwr', 'glub khur', 'glOb khar'}, {'glWb khrr', 'glyb khyr', 'glob khIr', 'glOb kher'}, {'glyb khrr', 'glbb khyr', 'glAb khIr', 'glOb khar'}, {'gllb khhr', 'glUb khAr', 'glYb khYr', 'glob khar'}, {'glob khAr', 'glib khur', 'glwb khrr', 'glbb khHr'}, {'glwb khYr', 'glyb khyr', 'glub khAr', 'glob khar'}, {'gllb khwr', 'glub khir', 'glwb khYr', 'glob khar'}, {'glUb khur', 'glyb khrr', 'glAb khIr', 'glwb khwr'}, {'glub khEr', 'gllb khYr', 'glwb khwr', 'glab kher'}, {'glub khar', 'gllb khhr', 'glIb khur', 'glwb khwr'}, {'glib khIr', 'gllb khWr', 'glub khUr', 'glyb khwr'}, {'glub khEr', 'glWb khhr', 'gllb khrr', 'glib khir'}, {'glYb khYr', 'gllb khhr', 'glAb kher', 'glOb khAr'}, {'glwb khrr', 'glWb khyr', 'glib khIr', 'glOb khar'}, {'glib khEr', 'glwb khYr', 'gllb khHr', 'glUb khUr'}, {'glib khEr', 'glab khIr', 'glWb khwr', 'gllb khrr'}, {'glOb khir', 'gllb khYr', 'glbb khrr', 'glUb khUr'}, {'glyb khyr', 'glob khIr', 'glAb khar', 'glbb khrr'}, {'glyb khYr', 'gllb khhr', 'glub kher', 'glUb khAr'}, {'glUb khur', 'glbb khwr', 'glAb khAr', 'glWb khWr'}, {'glub khar', 'glwb khHr', 'glIb khir', 'glYb khwr'}, {'glYb khwr', 'glbb khYr', 'glUb khAr', 'glab khir'}, {'glab khUr', 'gllb khhr', 'glYb khwr', 'glub khIr'}, {'glbb khyr', 'glWb khHr', 'glub khAr', 'glAb khar'}, {'glAb khur', 'glib kher', 'glWb khHr', 'glwb khwr'}, {'glYb khrr', 'glWb khhr', 'glab khEr', 'glIb khUr'}, {'glYb khrr', 'glUb khir', 'glwb khYr', 'glob khar'}, {'glwb khrr', 'glOb khur', 'glYb khHr', 'glob khar'}, {'glib khAr', 'glyb khYr', 'glOb khIr', 'glYb khrr'}, {'gllb khWr', 'glAb khir', 'glyb khwr', 'glIb khUr'}, {'glbb khyr', 'gllb khHr', 'glub khur', 'glUb khUr'}, {'glwb khrr', 'glOb khur', 'glIb khAr', 'glYb khyr'}, {'glYb khyr', 'glOb khUr', 'glWb khYr', 'glIb khar'}, {'gllb khYr', 'glib kher', 'glub khIr', 'glYb khhr'}, {'gllb khrr', 'glOb khAr', 'glYb khhr', 'glub khUr'}, {'glab khur', 'glyb khYr', 'glob khIr', 'glbb khyr'}, {'glUb khar', 'glYb khhr', 'glyb khyr', 'glab khir'}, {'glwb khrr', 'gllb khHr', 'glUb khir', 'glob khar'}, {'gllb khYr', 'glyb khWr', 'glOb khIr', 'glIb khUr'}, {'gllb khYr', 'glub khir', 'glUb khAr', 'glyb khrr'}, {'glyb khYr', 'glIb khar', 'glbb khrr', 'glab khEr'}, {'glAb khur', 'glwb khrr', 'glib kher', 'glYb khWr'}, {'glyb khWr', 'glIb khur', 'glob kher', 'gllb khHr'}, {'glYb khrr', 'glbb khHr', 'glUb khUr', 'glob khar'}, {'glub khEr', 'glIb khir', 'glwb khyr', 'glWb khwr'}, {'glUb khar', 'glbb khYr', 'gllb khHr', 'glub khur'}, {'glub khar', 'gllb khHr', 'glwb khhr', 'glAb khAr'}, {'glwb khHr', 'glbb khYr', 'glOb khIr', 'glUb khEr'}, {'glWb khrr', 'glab khar', 'glyb khHr', 'glIb khUr'}, {'gllb khwr', 'glwb khrr', 'glub kher', 'glUb khAr'}, {'glbb khHr', 'glAb khUr', 'glUb khAr', 'glyb khwr'}, {'glAb khur', 'glWb khrr', 'gllb khwr', 'glOb khAr'}, {'gllb khhr', 'glyb khHr', 'glOb khIr', 'glIb khar'}, {'glWb khwr', 'glub kher', 'glOb khIr', 'glbb khWr'}, {'glbb khyr', 'glob khEr', 'glab khir', 'gllb khrr'}, {'glOb khir', 'glwb khHr', 'gllb khYr', 'glAb kher'}, {'glIb khir', 'glbb khwr', 'glib khIr', 'glWb khWr'}, {'glOb khur', 'glab khAr', 'glyb khrr', 'glbb khWr'}, {'gllb khyr', 'glbb khYr', 'glIb khEr', 'glub khAr'}, {'glab khur', 'glbb khYr', 'glUb khUr', 'glWb khWr'}, {'glwb khHr', 'glyb khYr', 'glib khar', 'glUb khIr'}, {'glWb khhr', 'glab khIr', 'glYb khHr', 'glob khur'}, {'glob kher', 'glbb khYr', 'glib khar', 'glYb khwr'}, {'glWb khrr', 'glub khir', 'glbb khyr', 'glUb khUr'}, {'glAb khur', 'glOb khAr', 'glbb khHr', 'glYb khyr'}, {'glYb khyr', 'glib khur', 'glWb khhr', 'glob khUr'}, {'glWb khrr', 'glub khir', 'glIb khAr', 'glYb khWr'}, {'gllb khyr', 'glwb khrr', 'glAb khEr', 'glab khAr'}, {'glOb khUr', 'glIb khur', 'glYb khWr', 'gllb khHr'}, {'glob khAr', 'glyb khYr', 'glYb khHr', 'glab kher'}, {'gllb khYr', 'glIb khEr', 'glub khUr', 'glbb khHr'}, {'glib khUr', 'glWb khyr', 'glyb khYr', 'glIb kher'}, {'glob khAr', 'gllb khhr', 'glIb khir', 'glyb khwr'}, {'glib khAr', 'glYb khyr', 'glbb khHr', 'glIb kher'}, {'glOb khir', 'glyb khYr', 'glAb khEr', 'glbb khwr'}, {'glOb khur', 'glWb khyr', 'glyb khrr', 'glUb khIr'}, {'gllb khWr', 'glbb khrr', 'glab khir', 'glOb khar'}, {'glbb khwr', 'glob khir', 'glIb khIr', 'glyb khhr'}, {'gllb khyr', 'glOb khUr', 'glbb khrr', 'glab khEr'}, {'glob khAr', 'glwb khYr', 'glWb khWr', 'glOb khEr'}, {'glbb khhr', 'gllb khWr', 'glAb khEr', 'glUb kher'}, {'glAb khIr', 'glyb khWr', 'glbb khhr', 'glub khur'}, {'glwb khyr', 'glIb khUr', 'glbb khYr', 'glUb khIr'}, {'glYb khyr', 'glbb khhr', 'glIb khIr', 'glUb khir'}, {'gllb khyr', 'glIb khIr', 'glub khUr', 'glbb khrr'}, {'glob khAr', 'gllb khWr', 'glbb khYr', 'glUb khUr'}, {'glbb khWr', 'gllb khrr', 'glIb khIr', 'glob khur'}, {'glWb khrr', 'glbb khwr', 'glUb khUr', 'glOb khar'}, {'glob khAr', 'glwb khHr', 'glyb khyr', 'glab kher'}, {'glWb khYr', 'gllb khhr', 'glob khEr', 'glIb khUr'}, {'glbb khhr', 'glOb khAr', 'glob khar', 'glyb khwr'}, {'glOb khUr', 'glwb khWr', 'glAb khIr', 'glWb khhr'}, {'glub khar', 'glyb khrr', 'glWb khwr', 'glOb khIr'}, {'glub khar', 'glyb khYr', 'glYb khWr', 'glIb khUr'}, {'glUb khar', 'glIb khAr', 'gllb khYr', 'glYb khyr'}, {'glub khar', 'glyb khHr', 'glIb khEr', 'glWb khWr'}, {'glOb khur', 'glwb khHr', 'glyb khWr', 'glUb khUr'}, {'glib kher', 'glob khir', 'gllb khWr', 'glYb khYr'}, {'glwb khYr', 'glub kher', 'glab khAr', 'glbb khHr'}, {'glwb khHr', 'glbb khYr', 'glOb khIr', 'glUb kher'}, {'glWb khyr', 'glwb khhr', 'glob khar', 'glIb khUr'}, {'glwb khHr', 'glIb khur', 'glAb khir', 'glbb khWr'}, {'glbb khhr', 'glIb khur', 'glwb khWr', 'glUb kher'}, {'gllb khyr', 'glOb khur', 'glob khir', 'glyb khwr'}, {'glAb khur', 'glyb khWr', 'glib kher', 'glWb khrr'}, {'glub khar', 'glOb khUr', 'glyb khWr', 'glWb khrr'}, {'glib khur', 'glWb khwr', 'glIb khIr', 'glwb khhr'}, {'glib khAr', 'glOb khur', 'gllb khrr', 'glYb khhr'}, {'glyb khhr', 'glAb kher', 'glob khIr', 'glbb khHr'}, {'glWb khyr', 'glbb khYr', 'glOb kher', 'glob khar'}, {'glUb khar', 'glub khEr', 'gllb khHr', 'glwb khwr'}, {'glUb khAr', 'glub khUr', 'glYb khhr', 'glbb khWr'}, {'gllb khwr', 'glob kher', 'glIb khEr', 'glYb khWr'}, {'glub khir', 'gllb khhr', 'glYb khWr', 'glib khIr'}, {'glbb khyr', 'glob khEr', 'glUb kher', 'gllb khrr'}, {'glwb khwr', 'glib khUr', 'glyb khWr', 'glIb khIr'}, {'glyb khyr', 'glIb khIr', 'glYb khWr', 'glib khir'}, {'glbb khYr', 'glwb khHr', 'glob khir', 'glIb khIr'}, {'glob kher', 'glAb khir', 'glYb khwr', 'glWb khWr'}, {'gllb khYr', 'glWb khyr', 'glib khar', 'glob khUr'}, {'gllb khwr', 'glwb khhr', 'glAb khar', 'glob khUr'}, {'glab khur', 'glyb khYr', 'glob khIr', 'glWb khwr'}, {'glab khIr', 'glwb khyr', 'gllb khHr', 'glib khir'}, {'glyb khWr', 'glYb khwr', 'glub khur', 'glOb khEr'}, {'glUb khur', 'gllb khYr', 'glAb khEr', 'glwb khWr'}, {'glYb khrr', 'glWb khwr', 'glIb khar', 'glib khir'}, {'glib kher', 'glIb khir', 'gllb khHr', 'glyb khhr'}, {'glub khir', 'glYb khHr', 'glwb khyr', 'glOb kher'}, {'glYb khwr', 'glWb khHr', 'glAb khIr', 'glob khar'}, {'glwb khrr', 'glyb khYr', 'glAb kher', 'glob khar'}, {'glub khEr', 'glbb khYr', 'glAb khir', 'glYb khyr'}, {'glub kher', 'glYb khWr', 'glyb khwr', 'glIb khUr'}, {'gllb khwr', 'glbb khhr', 'glab khEr', 'glob khUr'}, {'glYb khwr', 'glib khIr', 'glUb kher', 'glbb khWr'}, {'glub khar', 'glyb khhr', 'glWb khyr', 'glIb khUr'}, {'glYb khwr', 'glib khEr', 'glab khIr', 'glbb khyr'}, {'glob khAr', 'glWb khYr', 'glab khur', 'glwb khWr'}, {'glWb khhr', 'glbb khYr', 'glub khur', 'glOb khEr'}, {'glIb khir', 'gllb khHr', 'glUb khUr', 'glYb khhr'}, {'glub khar', 'glyb khrr', 'glab khAr', 'glWb khhr'}, {'glAb khur', 'glWb khYr', 'glUb khUr', 'glYb khyr'}, {'glbb khhr', 'glub kher', 'glyb khrr', 'glUb khIr'}, {'glWb khrr', 'glYb khHr', 'glAb khUr', 'glOb kher'}, {'glYb khrr', 'glab khur', 'glWb khHr', 'glib khir'}, {'glwb khwr', 'gllb khhr', 'glOb khAr', 'glUb khIr'}, {'gllb khwr', 'glab khur', 'glYb khhr', 'glIb kher'}, {'glIb khAr', 'glUb khEr', 'glwb khYr', 'glWb khWr'}, {'glWb khwr', 'glbb khHr', 'glab khAr', 'glob khar'}, {'glWb khWr', 'glib khar', 'glYb khrr', 'glOb khEr'}, {'glwb khhr', 'glib kher', 'glob khEr', 'glYb khwr'}, {'gllb khhr', 'glyb khYr', 'glob khIr', 'glUb khUr'}, {'glub khir', 'gllb khhr', 'glWb khYr', 'glob khur'}, {'glwb khrr', 'glAb khEr', 'glbb khwr', 'glib khIr'}, {'glub khEr', 'glwb khyr', 'glbb khHr', 'glab kher'}, {'glib khur', 'glwb khWr', 'glWb khHr', 'glab khEr'}, {'glib khAr', 'glWb khrr', 'glwb khhr', 'glOb khar'}, {'glyb khhr', 'gllb khrr', 'glAb khUr', 'glib khir'}, {'glwb khHr', 'glIb khAr', 'gllb khhr', 'glub khUr'}, {'glWb khYr', 'glab khur', 'glAb khEr', 'glbb khyr'}, {'glOb khUr', 'glWb khYr', 'glob khir', 'glbb khWr'}, {'glob khAr', 'glyb khHr', 'glbb khrr', 'glub khur'}, {'glUb khur', 'glub khEr', 'glWb khrr', 'glYb khYr'}, {'glub khEr', 'glIb khir', 'glwb khhr', 'gllb khYr'}, {'glib khAr', 'gllb khhr', 'glUb khEr', 'glwb khwr'}, {'glwb khwr', 'glab khur', 'glub khAr', 'glYb khhr'}, {'glAb khIr', 'glbb khrr', 'glub khAr', 'glyb khhr'}, {'glbb khwr', 'gllb khHr', 'glub khUr', 'glib khir'}, {'glub khEr', 'glAb khUr', 'gllb khHr', 'glYb khWr'}, {'gllb khyr', 'glIb khir', 'glUb khAr', 'glYb khWr'}, {'glyb khrr', 'glob khir', 'glYb khWr', 'glUb kher'}, {'gllb khyr', 'glob khEr', 'glIb khIr', 'glwb khwr'}, {'glub khEr', 'glOb khur', 'glwb khrr', 'glYb khWr'}, {'gllb khyr', 'glwb khYr', 'glub kher', 'glib khIr'}, {'glOb khUr', 'glwb khyr', 'glbb khwr', 'glUb khAr'}, {'glab khUr', 'glWb khyr', 'glob khIr', 'glwb khYr'}, {'glub khEr', 'glyb khhr', 'glbb khYr', 'glAb khUr'}, {'glYb khrr', 'glyb khYr', 'glab khAr', 'glub khur'}, {'glUb khur', 'glbb khYr', 'glob khEr', 'glWb khrr'}, {'glib khAr', 'glob khEr', 'glwb khyr', 'glYb khrr'}, {'gllb khyr', 'glbb khwr', 'glOb khAr', 'glob khUr'}, {'glib khUr', 'glyb khyr', 'glbb khhr', 'glob khar'}, {'glwb khYr', 'glbb khyr', 'glAb khEr', 'glub khAr'}, {'glab khUr', 'glwb khWr', 'glWb khHr', 'glob khur'}, {'glyb khrr', 'glYb khwr', 'glab khAr', 'glIb khUr'}, {'glWb khhr', 'glwb khyr', 'glAb khAr', 'glIb khar'}, {'glWb khhr', 'glIb khIr', 'gllb khHr', 'glab khir'}, {'glob khAr', 'glib khUr', 'gllb khhr', 'glWb khHr'}, {'gllb khyr', 'glIb khAr', 'glob khir', 'glYb khYr'}, {'glib khAr', 'glwb khHr', 'glYb khwr', 'glUb khIr'}, {'glab khUr', 'glyb khhr', 'glub khar', 'glWb khWr'}, {'glWb khhr', 'glbb khHr', 'glUb khir', 'glOb khEr'}, {'glab khIr', 'glIb khAr', 'glYb khHr', 'glwb khWr'}, {'gllb khwr', 'glyb khhr', 'glOb khIr', 'glUb kher'}, {'gllb khwr', 'glWb khWr', 'glib khar', 'glob khUr'}, {'glub khir', 'glyb khYr', 'glbb khHr', 'glob khar'}, {'glOb khUr', 'glbb khYr', 'glob khar', 'glyb khwr'}, {'glib khir', 'gllb khWr', 'glYb khhr', 'glOb khEr'}, {'gllb khrr', 'glub khur', 'glAb khar', 'glWb khWr'}, {'glYb khWr', 'gllb khHr', 'glAb khAr', 'glIb khUr'}, {'glUb khur', 'glbb khyr', 'gllb khHr', 'glab khAr'}, {'gllb khwr', 'glwb khWr', 'glob khIr', 'glub khUr'}, {'glyb khhr', 'glUb khAr', 'glub khUr', 'glWb khHr'}, {'glwb khYr', 'glub khIr', 'glAb khAr', 'glbb khWr'}, {'glib khur', 'glwb khhr', 'glyb khwr', 'glIb khUr'}, {'glbb khhr', 'glWb khwr', 'glAb khEr', 'glub khIr'}, {'glub khar', 'gllb khhr', 'glWb khyr', 'glUb khEr'}, {'glbb khWr', 'glwb khhr', 'glUb kher', 'glob khUr'}, {'glob khEr', 'glwb khhr', 'glWb khHr', 'glib khir'}, {'glab khUr', 'gllb khYr', 'glYb khhr', 'glob khur'}, {'glub khar', 'glAb khIr', 'glYb khhr', 'glbb khWr'}, {'glwb khYr', 'glAb khir', 'glab khAr', 'glbb khrr'}, {'glbb khhr', 'glWb khwr', 'glob khir', 'glIb khEr'}, {'glWb khhr', 'glAb khUr', 'glUb kher', 'glbb khrr'}, {'glib khEr', 'glyb khyr', 'glub khAr', 'glWb khhr'}, {'glob khAr', 'glyb khWr', 'glWb khyr', 'glUb kher'}, {'glib khAr', 'gllb khWr', 'glub kher', 'glWb khwr'}, {'glWb khrr', 'glwb khYr', 'glib khar', 'glab kher'}, {'glib khur', 'glwb khHr', 'glyb khWr', 'glUb khIr'}, {'glUb khur', 'glWb khHr', 'glab khUr', 'glyb khwr'}, {'glub khar', 'gllb khhr', 'glob khIr', 'glWb khyr'}, {'glAb khur', 'glWb khhr', 'glIb khAr', 'gllb khyr'}, {'gllb khhr', 'glob khEr', 'glub khur', 'glbb khWr'}, {'glIb kher', 'gllb khHr', 'glyb khwr', 'glob khur'}, {'gllb khyr', 'glab khur', 'glIb khir', 'glbb khwr'}, {'glab khUr', 'glyb khhr', 'glWb khrr', 'glub khar'}, {'glwb khwr', 'glob khur', 'glYb khhr', 'glOb khEr'}, {'glib khEr', 'gllb khWr', 'glbb khrr', 'glUb khUr'}, {'glub khEr', 'glwb khhr', 'glIb khur', 'gllb khHr'}, {'glWb khyr', 'glab khIr', 'glAb khUr', 'glyb khwr'}, {'glWb khhr', 'glob kher', 'gllb khHr', 'glab khAr'}, {'glWb khrr', 'glyb khWr', 'glib kher', 'glIb khUr'}, {'gllb khyr', 'glbb khrr', 'glAb khAr', 'glob khUr'}, {'glOb khir', 'gllb khWr', 'glbb khwr', 'glUb khIr'}, {'gllb khwr', 'glYb khyr', 'glAb khar', 'glIb khUr'}, {'gllb khwr', 'glOb khUr', 'glbb khyr', 'glab khEr'}, {'glyb khyr', 'glWb khwr', 'glub kher', 'glUb khir'}, {'glWb khyr', 'glob khEr', 'glAb khir', 'glbb khHr'}, {'glUb khur', 'glyb khrr', 'glIb khar', 'gllb khyr'}, {'glab khUr', 'gllb khWr', 'glOb khir', 'glYb khyr'}, {'glYb khrr', 'gllb khHr', 'glAb khIr', 'glab khEr'}, {'glib khAr', 'glWb khwr', 'glYb khHr', 'glOb khIr'}, {'gllb khYr', 'glOb khUr', 'glWb khrr', 'glab kher'}, {'glAb khur', 'glyb khHr', 'glYb khYr', 'glOb khAr'}, {'glyb khHr', 'glWb khhr', 'glob kher', 'glAb khUr'}, {'glUb khur', 'gllb khyr', 'glab khAr', 'glbb khWr'}, {'gllb khhr', 'glAb kher', 'glob khIr', 'glWb khHr'}, {'glWb khyr', 'glYb khHr', 'glUb khUr', 'glab khEr'}, {'glOb khUr', 'glWb khYr', 'glbb khrr', 'glAb khAr'}, {'gllb khrr', 'glYb khWr', 'glub khAr', 'glob khar'}, {'glib khAr', 'glyb khhr', 'glYb khwr', 'glOb khEr'}, {'glAb khur', 'glbb khYr', 'glOb kher', 'glyb khwr'}, {'glbb khwr', 'glUb khAr', 'glub khUr', 'glWb khHr'}, {'glOb khur', 'glwb khyr', 'glob khIr', 'glYb khhr'}, {'glUb khar', 'glWb khYr', 'gllb khyr', 'glob khAr'}, {'glUb khar', 'gllb khYr', 'glub kher', 'glyb khwr'}, {'glYb khYr', 'glbb khwr', 'glub khIr', 'glIb kher'}, {'glIb khur', 'glob khIr', 'glwb khYr', 'gllb khHr'}, {'glab khIr', 'glyb khYr', 'glwb khWr', 'glob khur'}, {'gllb khyr', 'glib kher', 'glIb khEr', 'glwb khhr'}, {'glab khIr', 'glYb khwr', 'glIb khar', 'glWb khWr'}, {'glib khAr', 'glWb khYr', 'glAb khEr', 'glwb khhr'}, {'glub khEr', 'glYb khrr', 'glIb khar', 'gllb khyr'}, {'glAb kher', 'glwb khyr', 'glyb khwr', 'glIb khUr'}, {'glub khar', 'glWb khYr', 'glbb khwr', 'glab khEr'}, {'glWb khrr', 'glab khIr', 'glUb khEr', 'gllb khWr'}, {'glab khUr', 'glWb khwr', 'glyb khyr', 'glob khur'}, {'glbb khyr', 'glyb khYr', 'glOb khAr', 'glIb kher'}, {'glab khar', 'glbb khhr', 'glyb khwr', 'glob khur'}, {'glib kher', 'glbb khYr', 'glyb khwr', 'glUb khIr'}, {'glwb khHr', 'glUb khAr', 'glob khar', 'glyb khwr'}, {'glib khEr', 'glYb khwr', 'glyb khhr', 'glob khUr'}, {'glbb khWr', 'glwb khrr', 'glub khur', 'glib khir'}, {'glOb khir', 'glYb khwr', 'glyb khYr', 'glUb khUr'}, {'glwb khwr', 'glyb khyr', 'glub khAr', 'glIb khar'}, {'gllb khwr', 'glab khIr', 'glAb khir', 'glYb khrr'}, {'glab khUr', 'glyb khyr', 'glWb khYr', 'glAb khEr'}, {'glUb khur', 'glbb khhr', 'glwb khyr', 'glAb khIr'}, {'glYb khyr', 'glub khir', 'glab khur', 'glwb khYr'}, {'glAb khur', 'glIb khir', 'glbb khYr', 'glyb khwr'}, {'gllb khhr', 'glob khir', 'glYb khWr', 'glub kher'}, {'glyb khyr', 'glAb kher', 'glYb khYr', 'glUb khir'}, {'glOb khUr', 'glyb khHr', 'glwb khWr', 'glAb khir'}, {'glWb khHr', 'glOb khIr', 'glwb khhr', 'glUb kher'}, {'glab khUr', 'glwb khrr', 'glub kher', 'glbb khYr'}, {'glab khUr', 'glib kher', 'glyb khYr', 'glWb khyr'}, {'glib khur', 'gllb khrr', 'glob khir', 'glbb khyr'}, {'glWb khWr', 'glib khur', 'glYb khHr', 'glIb kher'}, {'glib khUr', 'glWb khYr', 'glYb khHr', 'glab khAr'}, {'gllb khhr', 'glab khIr', 'glbb khwr', 'glob khar'}, {'glIb khur', 'glwb khWr', 'gllb khHr', 'glAb khar'}, {'gllb khYr', 'glib khEr', 'glwb khyr', 'glOb khar'}, {'gllb khyr', 'glyb khhr', 'glib khIr', 'glOb khar'}, {'glyb khWr', 'gllb khhr', 'glAb khUr', 'glUb kher'}, {'glyb khhr', 'glIb khEr', 'glWb khHr', 'glob khar'}, {'glwb khHr', 'glYb khhr', 'glAb kher', 'glIb khar'}, {'gllb khyr', 'glwb khHr', 'glab khur', 'glAb khUr'}, {'glyb khYr', 'glIb khAr', 'glbb khwr', 'glAb khir'}, {'glwb khYr', 'glob khEr', 'glbb khwr', 'glAb kher'}, {'glub khir', 'glyb khHr', 'glAb khIr', 'glWb khWr'}, {'glwb khwr', 'glib khUr', 'glWb khyr', 'glob khur'}, {'glab khar', 'glwb khWr', 'gllb khHr', 'glAb khIr'}, {'glab khar', 'glyb khYr', 'glAb khir', 'glYb khhr'}, {'glYb khWr', 'glyb khyr', 'glab khir', 'glAb khAr'}, {'gllb khyr', 'glbb khYr', 'glab khEr', 'glob khar'}, {'glWb khWr', 'glOb khUr', 'glYb khHr', 'glab kher'}, {'glib khur', 'gllb khhr', 'glwb khWr', 'glOb khEr'}, {'glub khar', 'glyb khWr', 'glAb khIr', 'glbb khHr'}, {'glob khAr', 'glwb khrr', 'glUb khEr', 'glWb khWr'}, {'gllb khwr', 'glwb khyr', 'glub khUr', 'glOb khar'}, {'glUb khur', 'glYb khwr', 'glWb khWr', 'glib khir'}, {'glOb khar', 'gllb khyr', 'glYb khwr', 'glab kher'}, {'glOb khir', 'glWb khYr', 'glob kher', 'glYb khhr'}, {'gllb khYr', 'glOb khur', 'glAb khEr', 'glbb khwr'}, {'glIb khAr', 'glyb khYr', 'glwb khWr', 'glob khUr'}, {'glYb khyr', 'glab khIr', 'glbb khwr', 'glOb khAr'}, {'glWb khyr', 'glIb khAr', 'glYb khrr', 'glab khir'}, {'glwb khwr', 'glOb khUr', 'glUb khEr', 'glYb khWr'}, {'glab khur', 'glyb khYr', 'glOb khAr', 'glWb khHr'}, {'glAb khur', 'glib khUr', 'gllb khwr', 'glYb khrr'}, {'glyb khhr', 'glwb khYr', 'glUb kher', 'glob khur'}, {'glyb khhr', 'glIb khir', 'glwb khyr', 'glab khIr'}, {'glOb khar', 'glwb khWr', 'glbb khwr', 'glob khur'}, {'glWb khhr', 'glib kher', 'glYb khHr', 'glUb khAr'}, {'glab khIr', 'glAb khUr', 'glwb khYr', 'glyb khwr'}, {'glOb khir', 'glWb khwr', 'gllb khYr', 'glob khar'}, {'gllb khYr', 'glOb khur', 'glWb khyr', 'glAb khEr'}, {'glOb khur', 'glyb khHr', 'gllb khWr', 'glob khar'}, {'glIb khur', 'glwb khyr', 'glub khUr', 'glWb khWr'}, {'glob kher', 'glIb khur', 'glYb khhr', 'gllb khrr'}, {'glWb khWr', 'gllb khrr', 'glUb kher', 'glib khir'}, {'glbb khhr', 'glAb khir', 'glUb khEr', 'glYb khWr'}, {'glab khUr', 'glob khir', 'glwb khyr', 'glYb khWr'}, {'glib khAr', 'glyb khHr', 'glbb khrr', 'glob khUr'}, {'glib khur', 'glWb khyr', 'glbb khhr', 'glAb khAr'}, {'glab khUr', 'glbb khhr', 'glWb khwr', 'glob khIr'}, {'glYb khyr', 'glWb khhr', 'glUb khUr', 'glIb kher'}, {'glwb khhr', 'glAb khEr', 'glOb khAr', 'glYb khrr'}, {'glOb khUr', 'glbb khrr', 'glyb khhr', 'glab khir'}, {'glwb khhr', 'glyb khrr', 'glub khUr', 'glAb khar'}, {'gllb khWr', 'glob khEr', 'glUb kher', 'glYb khhr'}, {'gllb khYr', 'glib khUr', 'glbb khyr', 'glOb khIr'}, {'glub khir', 'glIb khAr', 'glwb khyr', 'glWb khWr'}, {'gllb khYr', 'glIb khur', 'glib khIr', 'glbb khHr'}, {'glub khar', 'glyb khWr', 'glib kher', 'gllb khwr'}, {'glUb khur', 'glab khIr', 'glyb khyr', 'glYb khwr'}, {'glWb khrr', 'gllb khwr', 'glOb kher', 'glAb khAr'}, {'glOb khir', 'glyb khYr', 'glAb kher', 'glwb khhr'}, {'glab khIr', 'glUb khEr', 'glYb khYr', 'glbb khrr'}, {'glbb khhr', 'glib kher', 'glyb khyr', 'glAb khar'}, {'glOb khUr', 'glwb khHr', 'gllb khrr', 'glIb kher'}, {'glyb khrr', 'glwb khWr', 'glub khUr', 'glIb kher'}, {'gllb khYr', 'glub khIr', 'glOb kher', 'glyb khwr'}, {'glwb khrr', 'glOb khUr', 'glab khIr', 'glWb khWr'}, {'gllb khYr', 'glOb khUr', 'glob kher', 'glyb khWr'}, {'glWb khrr', 'gllb khWr', 'glOb khIr', 'glUb kher'}, {'glub khEr', 'glbb khyr', 'glUb khAr', 'glYb khYr'}, {'glwb khrr', 'glub khir', 'glbb khyr', 'glob khur'}, {'glyb khwr', 'glib kher', 'glAb khar', 'glWb khWr'}, {'glWb khYr', 'glob kher', 'glIb khAr', 'glbb khyr'}, {'glab khUr', 'glbb khyr', 'glYb khWr', 'glUb kher'}, {'glyb khWr', 'glab khur', 'glWb khhr', 'glob khUr'}, {'glUb khur', 'glOb khUr', 'gllb khHr', 'glYb khYr'}, {'gllb khwr', 'glob khur', 'glwb khWr', 'glab kher'}, {'glWb khhr', 'glyb khyr', 'glib khIr', 'glOb kher'}, {'glWb khhr', 'glbb khrr', 'glUb khUr', 'glOb khEr'}, {'glab khur', 'glyb khyr', 'glbb khwr', 'glib khIr'}, {'glWb khyr', 'glYb khWr', 'glOb khIr', 'glUb kher'}, {'glyb khrr', 'glwb khYr', 'glub khIr', 'glob khur'}, {'gllb khyr', 'glYb khwr', 'glub khUr', 'glUb khir'}, {'glwb khwr', 'glIb kher', 'glWb khHr', 'glOb khEr'}, {'glwb khwr', 'glab khar', 'glWb khyr', 'glOb khAr'}, {'glYb khyr', 'glWb khhr', 'glAb khEr', 'glob khUr'}, {'glob khAr', 'gllb khhr', 'glbb khwr', 'glib khar'}, {'glYb khyr', 'glwb khhr', 'glUb khEr', 'glib khIr'}, {'glib khAr', 'glob khir', 'glYb khrr', 'glWb khHr'}, {'glob khAr', 'glwb khHr', 'glbb khhr', 'glOb khIr'}, {'glub khEr', 'glWb khrr', 'glYb khYr', 'glab kher'}, {'glUb khur', 'glWb khYr', 'glib kher', 'glwb khyr'}, {'glyb khWr', 'glYb khYr', 'glOb kher', 'glib khir'}, {'glib khEr', 'glWb khYr', 'glYb khwr', 'glIb kher'}, {'glWb khrr', 'glyb khYr', 'glAb khIr', 'glob khUr'}, {'glwb khyr', 'glob khIr', 'glub khUr', 'glbb khrr'}, {'gllb khwr', 'glwb khYr', 'glAb khAr', 'glOb khEr'}, {'glib khur', 'glwb khyr', 'glob khIr', 'gllb khhr'}, {'glab khar', 'glob kher', 'glyb khWr', 'glbb khyr'}, {'glwb khwr', 'glOb khUr', 'glbb khYr', 'glUb khIr'}, {'gllb khyr', 'glyb khrr', 'glIb khur', 'glob khir'}, {'glob khAr', 'glWb khwr', 'glbb khYr', 'glab khUr'}, {'glab khUr', 'glYb khhr', 'glWb khrr', 'glOb kher'}, {'glbb khwr', 'glib khar', 'glYb khrr', 'glob khur'}, {'glbb khhr', 'gllb khWr', 'glUb khUr', 'glib khir'}, {'glbb khhr', 'glwb khyr', 'glob khIr', 'glab khir'}, {'glWb khhr', 'glwb khYr', 'glob khEr', 'glUb khUr'}, {'glub khar', 'gllb khyr', 'glwb khwr', 'glob khUr'}, {'glib khUr', 'glbb khyr', 'glAb khEr', 'glyb khrr'}, {'glOb khir', 'gllb khHr', 'glYb khhr', 'glIb kher'}, {'glyb khhr', 'glYb khwr', 'glUb khUr', 'glab khir'}, {'gllb khwr', 'glWb khYr', 'glOb khAr', 'glAb khIr'}, {'glYb khyr', 'glWb khhr', 'glIb khur', 'glUb khAr'}, {'gllb khWr', 'glUb khIr', 'glYb khhr', 'glOb khEr'}, {'glyb khrr', 'glwb khYr', 'glub khUr', 'glUb khir'}, {'gllb khhr', 'glAb khEr', 'glOb khIr', 'glWb khHr'}, {'gllb khYr', 'glwb khrr', 'glib khar', 'glUb kher'}, {'glib khEr', 'glIb khir', 'gllb khWr', 'glYb khrr'}, {'glub khir', 'glwb khHr', 'glWb khYr', 'glob khUr'}, {'glUb khur', 'gllb khrr', 'glyb khYr', 'glab khEr'}, {'glbb khhr', 'glyb khHr', 'glub kher', 'glAb khAr'}, {'glob khAr', 'glwb khHr', 'glWb khyr', 'glOb khIr'}, {'glwb khyr', 'glib kher', 'gllb khWr', 'glub khAr'}, {'glUb khAr', 'gllb khHr', 'glAb khar', 'glbb khrr'}, {'glub khEr', 'glOb khUr', 'gllb khhr', 'glbb khHr'}, {'gllb khWr', 'glAb khEr', 'glob khIr', 'glWb khwr'}, {'glWb khHr', 'glwb khyr', 'glUb khUr', 'glob khar'}, {'glYb khyr', 'glib khUr', 'glab khur', 'gllb khYr'}, {'glub khEr', 'glyb khrr', 'glWb khyr', 'glUb khAr'}, {'glwb khhr', 'glyb khyr', 'glab khAr', 'glIb kher'}, {'glUb khur', 'gllb khhr', 'glwb khyr', 'glib khAr'}, {'glwb khwr', 'glab khIr', 'glAb kher', 'gllb khrr'}, {'gllb khyr', 'glwb khYr', 'glob khir', 'glUb khUr'}, {'gllb khYr', 'glIb khur', 'glAb khUr', 'glYb khyr'}, {'gllb khwr', 'glib khUr', 'glyb khWr', 'glUb khEr'}, {'glbb khhr', 'glWb khwr', 'glub khIr', 'glIb kher'}, {'glOb khir', 'glYb khwr', 'gllb khYr', 'glAb khAr'}, {'glbb khyr', 'glIb khIr', 'glWb khwr', 'glab kher'}, {'glwb khwr', 'glub kher', 'glIb khIr', 'glbb khrr'}, {'glYb khrr', 'glob khir', 'glwb khhr', 'glab khEr'}, {'glWb khrr', 'glbb khyr', 'glob khIr', 'glab khir'}, {'glWb khYr', 'glob kher', 'glwb khWr', 'glUb khEr'}, {'glYb khwr', 'glAb khEr', 'glbb khyr', 'glob khar'}, {'gllb khYr', 'glbb khhr', 'glIb khUr', 'glab kher'}, {'gllb khYr', 'glWb khyr', 'glab khAr', 'glIb khar'}, {'glab khar', 'glWb khwr', 'glbb khhr', 'glOb kher'}, {'gllb khwr', 'glUb khEr', 'glub khAr', 'glbb khWr'}, {'glob khur', 'gllb khWr', 'glwb khYr', 'glib khir'}, {'glYb khyr', 'glWb khWr', 'glab khEr', 'glob khur'}, {'glUb khur', 'glOb khUr', 'glbb khwr', 'glYb khhr'}, {'glWb khWr', 'glyb khhr', 'glUb khEr', 'glob khur'}, {'glUb khur', 'glWb khYr', 'glAb khEr', 'glYb khhr'}, {'glYb khYr', 'glbb khWr', 'glAb khIr', 'glob khUr'}, {'gllb khyr', 'glYb khYr', 'glub khAr', 'glIb khUr'}, {'glUb khar', 'glYb khwr', 'glwb khhr', 'glab khUr'}, {'glib khur', 'glwb khyr', 'glob khIr', 'glYb khWr'}, {'gllb khyr', 'glob kher', 'glAb khUr', 'glwb khwr'}, {'glyb khWr', 'glwb khHr', 'glAb kher', 'glUb khir'}, {'glYb khYr', 'glyb khrr', 'glUb khEr', 'glub khIr'}, {'glOb khUr', 'glAb khEr', 'glWb khHr', 'glyb khrr'}, {'glWb khrr', 'glyb khWr', 'glub khAr', 'glIb kher'}, {'glyb khrr', 'gllb khWr', 'glab khAr', 'glub khur'}, {'glib khir', 'glwb khHr', 'glWb khwr', 'glIb kher'}, {'glOb khur', 'glbb khyr', 'glyb khrr', 'glab khEr'}]
gleb khor           : DEBUG: Additional rule variations: set()
gleb khor           : DEBUG: Metric: 
{
    "quality_scores": {},
    "penalties": {
        "extra_names": 0.0,
        "missing_names": 0.0,
        "total_penalty": 0.0,
        "special_chars_ratio": 0.0,
        "special_char_variations_count": 0,
        "total_variations_count": 4
    },
    "completeness_multiplier": 1.0,
    "name_metrics": {
        "gleb khor": {
            "first_name": {
                "score": 0.835,
                "metrics": {
                    "similarity": {
                        "phonetic": 0.45,
                        "orthographic": 1.0,
                        "combined": 0.725
                    },
                    "count": {
                        "actual": 4,
                        "expected": 4.4,
                        "score": 1.0
                    },
                    "uniqueness": {
                        "unique_count": 4,
                        "total_count": 4,
                        "score": 1.0
                    },
                    "length": {
                        "score": 1.0
                    },
                    "variations": [
                        {
                            "variation": "glyb",
                            "phonetic_score": 0.5744556592874082,
                            "orthographic_score": 0.75,
                            "length_ratio": 1.0
                        },
                        {
                            "variation": "gllb",
                            "phonetic_score": 0.5744556592874082,
                            "orthographic_score": 0.75,
                            "length_ratio": 1.0
                        },
                        {
                            "variation": "glub",
                            "phonetic_score": 0.9999999999999999,
                            "orthographic_score": 0.75,
                            "length_ratio": 1.0
                        },
                        {
                            "variation": "glob",
                            "phonetic_score": 0.9999999999999999,
                            "orthographic_score": 0.75,
                            "length_ratio": 1.0
                        }
                    ]
                }
            },
            "base_score": 0.8350000000000001,
            "final_score": 0.6680000000000001,
            "variation_count": 4,
            "non_rule_compliant_variations_count": 4,
            "rule_compliant_variations_count": 0,
            "last_name": {
                "score": 0.835,
                "metrics": {
                    "similarity": {
                        "phonetic": 0.45,
                        "orthographic": 1.0,
                        "combined": 0.725
                    },
                    "count": {
                        "actual": 4,
                        "expected": 4.4,
                        "score": 1.0
                    },
                    "uniqueness": {
                        "unique_count": 4,
                        "total_count": 4,
                        "score": 1.0
                    },
                    "length": {
                        "score": 1.0
                    },
                    "variations": [
                        {
                            "variation": "khWr",
                            "phonetic_score": 0.1508344091661923,
                            "orthographic_score": 0.75,
                            "length_ratio": 1.0
                        },
                        {
                            "variation": "khhr",
                            "phonetic_score": 0.1508344091661923,
                            "orthographic_score": 0.75,
                            "length_ratio": 1.0
                        },
                        {
                            "variation": "khur",
                            "phonetic_score": 1.0,
                            "orthographic_score": 0.75,
                            "length_ratio": 1.0
                        },
                        {
                            "variation": "khar",
                            "phonetic_score": 1.0,
                            "orthographic_score": 0.75,
                            "length_ratio": 1.0
                        }
                    ]
                }
            },
            "rule_compliance": {
                "score": 0.0,
                "metrics": {
                    "compliant_variations_by_rule": {
                        "insert_random_letter": [],
                        "remove_random_consonant": [],
                        "delete_random_letter": []
                    },
                    "rules_satisfied_by_variation": {},
                    "compliance_ratio_overall_variations": 0.0,
                    "overall_compliant_unique_variations_count": 0,
                    "expected_compliant_variations_count": 1,
                    "quantity_score": 0.0,
                    "rule_diversity_factor": 0.0,
                    "num_target_rules_met": 0,
                    "total_target_rules": 3,
                    "score": 0.0
                }
            }
        }
    },
    "invalid_names": [],
    "missing_names": [],
    "rule_compliance": {
        "overall_score": 0.0,
        "by_name": {
            "gleb khor": {
                "score": 0.0,
                "metrics": {
                    "compliant_variations_by_rule": {
                        "insert_random_letter": [],
                        "remove_random_consonant": [],
                        "delete_random_letter": []
                    },
                    "rules_satisfied_by_variation": {},
                    "compliance_ratio_overall_variations": 0.0,
                    "overall_compliant_unique_variations_count": 0,
                    "expected_compliant_variations_count": 1,
                    "quantity_score": 0.0,
                    "rule_diversity_factor": 0.0,
                    "num_target_rules_met": 0,
                    "total_target_rules": 3,
                    "score": 0.0
                }
            }
        }
    },
    "average_quality": 0.6680000000000001,
    "final_reward": 0.6680000000000001
}
gleb khor           : DEBUG: ----------------------------------------------------------------------------------------------------
